::1 - - [22/Aug/2017:17:31:42 -0700] "GET / HTTP/1.1" 200 46
::1 - - [22/Aug/2017:17:31:42 -0700] "GET /favicon.ico HTTP/1.1" 404 209
::1 - - [22/Aug/2017:17:37:03 -0700] "GET / HTTP/1.1" 304 -
::1 - - [22/Aug/2017:17:51:40 -0700] "GET /swagger-editor-3.1.3 HTTP/1.1" 301 246
::1 - - [22/Aug/2017:17:51:40 -0700] "GET /swagger-editor-3.1.3/ HTTP/1.1" 200 3540
::1 - - [22/Aug/2017:17:51:40 -0700] "GET /swagger-editor-3.1.3/dist/swagger-editor.css HTTP/1.1" 200 30486
::1 - - [22/Aug/2017:17:51:40 -0700] "GET /swagger-editor-3.1.3/dist/swagger-editor-bundle.js HTTP/1.1" 200 2310744
::1 - - [22/Aug/2017:17:51:40 -0700] "GET /swagger-editor-3.1.3/dist/swagger-editor-standalone-preset.js HTTP/1.1" 200 549254
::1 - - [22/Aug/2017:17:51:41 -0700] "GET /swagger-editor-3.1.3/dist/favicon-32x32.png HTTP/1.1" 200 1141
::1 - - [22/Aug/2017:17:51:41 -0700] "GET /swagger-editor-3.1.3/dist/favicon-16x16.png HTTP/1.1" 200 445
::1 - - [22/Aug/2017:18:08:45 -0700] "GET /swagger-editor-3.1.3/ HTTP/1.1" 200 3540
::1 - - [22/Aug/2017:18:08:45 -0700] "GET /swagger-editor-3.1.3/dist/swagger-editor.css HTTP/1.1" 200 30486
::1 - - [22/Aug/2017:18:08:46 -0700] "GET /swagger-editor-3.1.3/dist/favicon-32x32.png HTTP/1.1" 200 1141
::1 - - [22/Aug/2017:18:08:46 -0700] "GET /swagger-editor-3.1.3/dist/favicon-16x16.png HTTP/1.1" 200 445
::1 - - [22/Aug/2017:18:08:51 -0700] "GET /swagger-editor/ HTTP/1.1" 403 224
::1 - - [22/Aug/2017:18:08:55 -0700] "GET /swagger-editor HTTP/1.1" 403 223
::1 - - [22/Aug/2017:18:11:29 -0700] "GET /swagger-editor HTTP/1.1" 301 240
::1 - - [22/Aug/2017:18:11:29 -0700] "GET /swagger-editor/ HTTP/1.1" 200 3540
::1 - - [22/Aug/2017:18:11:30 -0700] "GET /swagger-editor/dist/swagger-editor.css HTTP/1.1" 200 30486
::1 - - [22/Aug/2017:18:11:30 -0700] "GET /swagger-editor/dist/swagger-editor-bundle.js HTTP/1.1" 200 2310744
::1 - - [22/Aug/2017:18:11:30 -0700] "GET /swagger-editor/dist/swagger-editor-standalone-preset.js HTTP/1.1" 200 549254
::1 - - [22/Aug/2017:18:11:30 -0700] "GET /swagger-editor/dist/favicon-32x32.png HTTP/1.1" 200 1141
::1 - - [22/Aug/2017:18:11:31 -0700] "GET /swagger-editor/dist/favicon-16x16.png HTTP/1.1" 200 445
::1 - - [22/Aug/2017:18:15:33 -0700] "GET /swagger-editor/ HTTP/1.1" 304 -
::1 - - [22/Aug/2017:18:15:34 -0700] "GET /swagger-editor/dist/favicon-32x32.png HTTP/1.1" 200 1141
::1 - - [22/Aug/2017:18:15:52 -0700] "GET /swagger-editor/ HTTP/1.1" 304 -
::1 - - [22/Aug/2017:18:15:53 -0700] "GET /swagger-editor/dist/favicon-32x32.png HTTP/1.1" 200 1141
::1 - - [22/Aug/2017:18:16:01 -0700] "GET /t-mobile-swagger HTTP/1.1" 301 242
::1 - - [22/Aug/2017:18:16:01 -0700] "GET /t-mobile-swagger/ HTTP/1.1" 403 226
::1 - - [22/Aug/2017:18:17:12 -0700] "GET /t-mobile-swagger/ HTTP/1.1" 403 226
::1 - - [22/Aug/2017:18:17:14 -0700] "GET /t-mobile-swagger/ HTTP/1.1" 403 226
::1 - - [22/Aug/2017:18:17:14 -0700] "GET /t-mobile-swagger/ HTTP/1.1" 403 226
::1 - - [22/Aug/2017:18:17:15 -0700] "GET /t-mobile-swagger/ HTTP/1.1" 403 226
::1 - - [22/Aug/2017:18:17:15 -0700] "GET /t-mobile-swagger/ HTTP/1.1" 403 226
::1 - - [22/Aug/2017:18:17:51 -0700] "GET /t-mobile-swagger/ HTTP/1.1" 200 46
::1 - - [22/Aug/2017:18:20:11 -0700] "GET /t-mobile-swagger/ HTTP/1.1" 304 -
::1 - - [22/Aug/2017:18:20:25 -0700] "GET /t-mobile-swagger/ HTTP/1.1" 200 644
::1 - - [22/Aug/2017:18:20:37 -0700] "GET /t-mobile-swagger/BitBucket/ HTTP/1.1" 200 377
::1 - - [22/Aug/2017:18:20:39 -0700] "GET /t-mobile-swagger/ HTTP/1.1" 200 644
::1 - - [22/Aug/2017:18:20:44 -0700] "GET /t-mobile-swagger/definitions/ HTTP/1.1" 200 345
::1 - - [22/Aug/2017:18:20:46 -0700] "GET /t-mobile-swagger/definitions/Price_Definition.json HTTP/1.1" 200 842
::1 - - [22/Aug/2017:18:44:23 -0700] "GET /t-mobile-swagger/ HTTP/1.1" 200 3503
::1 - - [22/Aug/2017:18:44:28 -0700] "GET /t-mobile-swagger/ HTTP/1.1" 200 3503
::1 - - [22/Aug/2017:18:52:09 -0700] "GET /t-mobile-swagger/ HTTP/1.1" 200 3078
::1 - - [22/Aug/2017:18:52:09 -0700] "GET /themes/apaxy/theme/icons/blank.png HTTP/1.1" 200 227
::1 - - [22/Aug/2017:18:52:09 -0700] "GET /themes/apaxy/theme/icons/folder-home.png HTTP/1.1" 200 618
::1 - - [22/Aug/2017:18:52:09 -0700] "GET /themes/apaxy/theme/icons/folder.png HTTP/1.1" 200 395
::1 - - [22/Aug/2017:18:52:09 -0700] "GET /themes/apaxy/theme/icons/html.png HTTP/1.1" 200 770
::1 - - [22/Aug/2017:18:52:09 -0700] "GET /themes/apaxy/theme/icons/js.png HTTP/1.1" 200 540
::1 - - [22/Aug/2017:18:52:18 -0700] "GET / HTTP/1.1" 200 46
::1 - - [22/Aug/2017:18:52:20 -0700] "GET /t-mobile-swagger/ HTTP/1.1" 200 3078
::1 - - [22/Aug/2017:18:52:20 -0700] "GET /themes/apaxy/theme/icons/blank.png HTTP/1.1" 200 227
::1 - - [22/Aug/2017:18:52:20 -0700] "GET /themes/apaxy/theme/icons/folder-home.png HTTP/1.1" 200 618
::1 - - [22/Aug/2017:18:52:20 -0700] "GET /themes/apaxy/theme/icons/folder.png HTTP/1.1" 200 395
::1 - - [22/Aug/2017:18:52:20 -0700] "GET /themes/apaxy/theme/icons/html.png HTTP/1.1" 200 770
::1 - - [22/Aug/2017:18:52:20 -0700] "GET /themes/apaxy/theme/icons/js.png HTTP/1.1" 200 540
::1 - - [22/Aug/2017:18:53:20 -0700] "-" 408 -
::1 - - [22/Aug/2017:18:53:29 -0700] "GET /t-mobile-swagger/ HTTP/1.1" 200 3080
::1 - - [22/Aug/2017:18:53:29 -0700] "GET /themes/apaxy/theme/icons/blank.png HTTP/1.1" 200 227
::1 - - [22/Aug/2017:18:53:29 -0700] "GET /themes/apaxy/theme/icons/folder-home.png HTTP/1.1" 200 618
::1 - - [22/Aug/2017:18:53:29 -0700] "GET /themes/apaxy/theme/icons/folder.png HTTP/1.1" 200 395
::1 - - [22/Aug/2017:18:53:29 -0700] "GET /t-mobile-swagger/'/themes/apaxy/theme/icons/text.png' HTTP/1.1" 404 251
::1 - - [22/Aug/2017:18:53:29 -0700] "GET /themes/apaxy/theme/icons/js.png HTTP/1.1" 200 540
::1 - - [22/Aug/2017:18:55:02 -0700] "GET /t-mobile-swagger/ HTTP/1.1" 200 3080
::1 - - [22/Aug/2017:18:55:02 -0700] "GET /themes/apaxy/theme/icons/blank.png HTTP/1.1" 200 227
::1 - - [22/Aug/2017:18:55:02 -0700] "GET /themes/apaxy/theme/icons/folder-home.png HTTP/1.1" 200 618
::1 - - [22/Aug/2017:18:55:02 -0700] "GET /themes/apaxy/theme/icons/folder.png HTTP/1.1" 200 395
::1 - - [22/Aug/2017:18:55:02 -0700] "GET /t-mobile-swagger/'/themes/apaxy/theme/icons/text.png' HTTP/1.1" 404 251
::1 - - [22/Aug/2017:18:55:02 -0700] "GET /themes/apaxy/theme/icons/js.png HTTP/1.1" 200 540
::1 - - [22/Aug/2017:18:55:15 -0700] "GET /t-mobile-swagger/ HTTP/1.1" 200 3931
::1 - - [22/Aug/2017:18:55:15 -0700] "GET /themes/apaxy/theme/style.css HTTP/1.1" 200 2334
::1 - - [22/Aug/2017:18:55:15 -0700] "GET /themes/apaxy/theme/icons/blank.png HTTP/1.1" 200 227
::1 - - [22/Aug/2017:18:55:15 -0700] "GET /themes/apaxy/theme/icons/folder-home.png HTTP/1.1" 200 618
::1 - - [22/Aug/2017:18:55:15 -0700] "GET /themes/apaxy/theme/icons/folder.png HTTP/1.1" 200 395
::1 - - [22/Aug/2017:18:55:15 -0700] "GET /t-mobile-swagger/'/themes/apaxy/theme/icons/text.png' HTTP/1.1" 404 251
::1 - - [22/Aug/2017:18:55:15 -0700] "GET /themes/apaxy/theme/icons/js.png HTTP/1.1" 200 540
::1 - - [22/Aug/2017:18:55:29 -0700] "GET / HTTP/1.1" 200 46
::1 - - [22/Aug/2017:18:55:33 -0700] "GET /t-mobile-swagger/ HTTP/1.1" 200 3931
::1 - - [22/Aug/2017:18:55:33 -0700] "GET /themes/apaxy/theme/style.css HTTP/1.1" 200 2334
::1 - - [22/Aug/2017:18:55:33 -0700] "GET /themes/apaxy/theme/icons/blank.png HTTP/1.1" 200 227
::1 - - [22/Aug/2017:18:55:33 -0700] "GET /themes/apaxy/theme/icons/folder-home.png HTTP/1.1" 200 618
::1 - - [22/Aug/2017:18:55:33 -0700] "GET /themes/apaxy/theme/icons/folder.png HTTP/1.1" 200 395
::1 - - [22/Aug/2017:18:55:33 -0700] "GET /t-mobile-swagger/'/themes/apaxy/theme/icons/text.png' HTTP/1.1" 404 251
::1 - - [22/Aug/2017:18:55:33 -0700] "GET /themes/apaxy/theme/icons/js.png HTTP/1.1" 200 540
::1 - - [22/Aug/2017:18:55:50 -0700] "GET /swagger-editor HTTP/1.1" 301 240
::1 - - [22/Aug/2017:18:55:50 -0700] "GET /swagger-editor/ HTTP/1.1" 200 3540
::1 - - [22/Aug/2017:18:55:50 -0700] "GET /swagger-editor/dist/swagger-editor.css HTTP/1.1" 200 30486
::1 - - [22/Aug/2017:18:55:50 -0700] "GET /swagger-editor/dist/swagger-editor-bundle.js HTTP/1.1" 200 2310744
::1 - - [22/Aug/2017:18:55:50 -0700] "GET /swagger-editor/dist/swagger-editor-standalone-preset.js HTTP/1.1" 200 549254
::1 - - [22/Aug/2017:18:55:50 -0700] "GET /swagger-editor/dist/swagger-editor.css.map HTTP/1.1" 200 84
::1 - - [22/Aug/2017:18:55:50 -0700] "GET /swagger-editor/dist/swagger-editor-bundle.js.map HTTP/1.1" 200 674
::1 - - [22/Aug/2017:18:55:50 -0700] "GET /swagger-editor/dist/swagger-editor-standalone-preset.js.map HTTP/1.1" 200 348
::1 - - [22/Aug/2017:18:56:31 -0700] "GET /t-mobile-swagger/ HTTP/1.1" 200 3931
::1 - - [22/Aug/2017:18:56:31 -0700] "GET /t-mobile-swagger/'/themes/apaxy/theme/icons/text.png' HTTP/1.1" 404 251
::1 - - [22/Aug/2017:18:56:41 -0700] "GET /t-mobile-swagger/definitions/ HTTP/1.1" 200 2353
::1 - - [22/Aug/2017:18:56:45 -0700] "GET /t-mobile-swagger/ HTTP/1.1" 200 3931
::1 - - [22/Aug/2017:18:56:45 -0700] "GET /t-mobile-swagger/'/themes/apaxy/theme/icons/text.png' HTTP/1.1" 404 251
::1 - - [22/Aug/2017:18:57:49 -0700] "GET /t-mobile-swagger/definitions/ HTTP/1.1" 200 2353
::1 - - [22/Aug/2017:18:57:55 -0700] "GET /t-mobile-swagger/ HTTP/1.1" 200 3931
::1 - - [22/Aug/2017:18:57:55 -0700] "GET /t-mobile-swagger/'/themes/apaxy/theme/icons/text.png' HTTP/1.1" 404 251
::1 - - [22/Aug/2017:18:57:59 -0700] "GET /t-mobile-swagger/Product_Swagger_Without_External_References.json HTTP/1.1" 200 82025
::1 - - [22/Aug/2017:19:01:15 -0700] "GET /t-mobile-swagger/Product_Swagger.json HTTP/1.1" 200 81058
::1 - - [22/Aug/2017:19:02:10 -0700] "-" 408 -
::1 - - [22/Aug/2017:19:02:10 -0700] "-" 408 -
::1 - - [22/Aug/2017:19:04:13 -0700] "GET /t-mobile-swagger/ HTTP/1.1" 200 3931
::1 - - [22/Aug/2017:19:04:13 -0700] "GET /t-mobile-swagger/'/themes/apaxy/theme/icons/text.png' HTTP/1.1" 404 251
::1 - - [22/Aug/2017:19:06:02 -0700] "GET /swagger-editor/ HTTP/1.1" 304 -
::1 - - [22/Aug/2017:19:07:02 -0700] "-" 408 -
::1 - - [22/Aug/2017:19:07:02 -0700] "-" 408 -
::1 - - [22/Aug/2017:19:07:02 -0700] "-" 408 -
::1 - - [22/Aug/2017:19:20:35 -0700] "GET /t-mobile-swagger/definitions/universalProductPrice.json HTTP/1.1" 200 189
::1 - - [22/Aug/2017:19:20:35 -0700] "GET /t-mobile-swagger/definitions/universalPrice.json HTTP/1.1" 200 565
::1 - - [23/Aug/2017:06:32:29 -0700] "GET /t-mobile-swagger/definitions/universalPrice.json HTTP/1.1" 304 -
::1 - - [23/Aug/2017:06:32:29 -0700] "GET /t-mobile-swagger/definitions/universalProductPrice.json HTTP/1.1" 200 263
::1 - - [23/Aug/2017:07:01:23 -0700] "GET /swagger-editor/ HTTP/1.1" 200 3540
::1 - - [23/Aug/2017:07:01:23 -0700] "GET /swagger-editor/dist/swagger-editor.css HTTP/1.1" 200 30486
::1 - - [23/Aug/2017:07:01:23 -0700] "GET /swagger-editor/dist/swagger-editor-standalone-preset.js HTTP/1.1" 200 549254
::1 - - [23/Aug/2017:07:01:23 -0700] "GET /swagger-editor/dist/swagger-editor-bundle.js HTTP/1.1" 200 2310744
::1 - - [23/Aug/2017:07:01:24 -0700] "GET /swagger-editor/dist/favicon-32x32.png HTTP/1.1" 200 1141
::1 - - [23/Aug/2017:07:02:28 -0700] "GET /swagger-editor/ HTTP/1.1" 200 3540
::1 - - [23/Aug/2017:07:02:28 -0700] "GET /swagger-editor/dist/swagger-editor-standalone-preset.js HTTP/1.1" 200 549254
::1 - - [23/Aug/2017:07:02:28 -0700] "GET /swagger-editor/dist/swagger-editor.css HTTP/1.1" 200 30486
::1 - - [23/Aug/2017:07:02:28 -0700] "GET /swagger-editor/dist/swagger-editor-bundle.js HTTP/1.1" 200 2310744
::1 - - [23/Aug/2017:07:02:29 -0700] "GET /swagger-editor/dist/favicon-32x32.png HTTP/1.1" 200 1141
::1 - - [23/Aug/2017:07:02:31 -0700] "GET /swagger-editor/ HTTP/1.1" 200 3540
::1 - - [23/Aug/2017:07:02:31 -0700] "GET /swagger-editor/dist/swagger-editor.css HTTP/1.1" 200 30486
::1 - - [23/Aug/2017:07:02:31 -0700] "GET /swagger-editor/dist/swagger-editor-standalone-preset.js HTTP/1.1" 200 549254
::1 - - [23/Aug/2017:07:02:31 -0700] "GET /swagger-editor/dist/swagger-editor-bundle.js HTTP/1.1" 200 2310744
::1 - - [23/Aug/2017:07:02:32 -0700] "GET /swagger-editor/dist/favicon-32x32.png HTTP/1.1" 200 1141
::1 - - [23/Aug/2017:07:02:46 -0700] "GET /t-mobile-swagger/ HTTP/1.1" 200 3931
::1 - - [23/Aug/2017:07:02:46 -0700] "GET /t-mobile-swagger/'/themes/apaxy/theme/icons/text.png' HTTP/1.1" 404 251
::1 - - [23/Aug/2017:07:02:46 -0700] "GET /favicon.ico HTTP/1.1" 404 209
::1 - - [23/Aug/2017:07:02:50 -0700] "GET /t-mobile-swagger/definitions/ HTTP/1.1" 200 3005
::1 - - [23/Aug/2017:07:02:57 -0700] "GET /t-mobile-swagger/definitions/universalPrice.json HTTP/1.1" 200 706
::1 - - [23/Aug/2017:07:02:58 -0700] "GET /t-mobile-swagger/definitions/universalPrice.json HTTP/1.1" 304 -
::1 - - [23/Aug/2017:07:02:58 -0700] "GET /t-mobile-swagger/definitions/universalPrice.json HTTP/1.1" 304 -
::1 - - [23/Aug/2017:07:02:59 -0700] "GET /t-mobile-swagger/definitions/universalPrice.json HTTP/1.1" 304 -
::1 - - [23/Aug/2017:07:02:59 -0700] "GET /t-mobile-swagger/definitions/universalPrice.json HTTP/1.1" 304 -
::1 - - [23/Aug/2017:07:02:59 -0700] "GET /t-mobile-swagger/definitions/universalPrice.json HTTP/1.1" 304 -
::1 - - [23/Aug/2017:07:02:59 -0700] "GET /t-mobile-swagger/definitions/universalPrice.json HTTP/1.1" 304 -
::1 - - [23/Aug/2017:07:04:03 -0700] "GET /t-mobile-swagger/definitions/universalPrice.json HTTP/1.1" 304 -
::1 - - [23/Aug/2017:07:14:55 -0700] "GET /t-mobile-swagger/ HTTP/1.1" 200 3931
::1 - - [23/Aug/2017:07:14:55 -0700] "GET /t-mobile-swagger/'/themes/apaxy/theme/icons/text.png' HTTP/1.1" 404 251
::1 - - [23/Aug/2017:07:15:14 -0700] "GET /t-mobile-swagger/definitions/ HTTP/1.1" 200 3005
::1 - - [23/Aug/2017:07:15:17 -0700] "GET /t-mobile-swagger/definitions/universalPrice.json HTTP/1.1" 304 -
::1 - - [23/Aug/2017:07:16:45 -0700] "GET /t-mobile-swagger/definitions/universalPrice.json HTTP/1.1" 200 814
::1 - - [23/Aug/2017:07:17:34 -0700] "GET /t-mobile-swagger/definitions/universalPrice.json HTTP/1.1" 304 -
::1 - - [23/Aug/2017:11:21:37 -0700] "GET /t-mobile-swagger/definitions/universalProductPrice.json HTTP/1.1" 304 -
::1 - - [23/Aug/2017:11:21:37 -0700] "GET /t-mobile-swagger/definitions/universalPrice.json HTTP/1.1" 200 706
::1 - - [23/Aug/2017:11:47:49 -0700] "GET /t-mobile-swagger/ HTTP/1.1" 200 3931
::1 - - [23/Aug/2017:11:47:49 -0700] "GET /t-mobile-swagger/'/themes/apaxy/theme/icons/text.png' HTTP/1.1" 404 251
::1 - - [23/Aug/2017:11:47:49 -0700] "GET /favicon.ico HTTP/1.1" 404 209
::1 - - [23/Aug/2017:11:48:12 -0700] "GET /t-mobile-swagger/definitions/universalPrice.json HTTP/1.1" 404 246
::1 - - [23/Aug/2017:12:56:49 -0700] "GET /t-mobile-swagger/definitions/universalPrice.json HTTP/1.1" 404 246
::1 - - [23/Aug/2017:12:56:56 -0700] "GET /t-mobile-swagger/ HTTP/1.1" 200 3931
::1 - - [23/Aug/2017:12:56:56 -0700] "GET /t-mobile-swagger/'/themes/apaxy/theme/icons/text.png' HTTP/1.1" 404 251
::1 - - [23/Aug/2017:12:56:58 -0700] "GET /t-mobile-swagger/definitions/ HTTP/1.1" 200 2888
::1 - - [23/Aug/2017:12:57:01 -0700] "GET /t-mobile-swagger/definitions/standard/ HTTP/1.1" 200 2738
::1 - - [23/Aug/2017:12:57:05 -0700] "GET /t-mobile-swagger/definitions/standard/standardMonetaryValue.json HTTP/1.1" 200 812
::1 - - [23/Aug/2017:12:57:20 -0700] "GET /t-mobile-swagger/definitions/universalPrice.json HTTP/1.1" 404 246
::1 - - [23/Aug/2017:13:02:04 -0700] "GET /t-mobile-swagger/definitions/standard/standardMonetaryValue.json HTTP/1.1" 304 -
::1 - - [23/Aug/2017:13:04:27 -0700] "GET /t-mobile-swagger/definitions/standard/standardMonetaryValue.json HTTP/1.1" 200 823
::1 - - [23/Aug/2017:13:04:39 -0700] "GET /t-mobile-swagger/definitions/standard/standardMonetaryValue.json HTTP/1.1" 200 823
::1 - - [23/Aug/2017:13:04:39 -0700] "GET /favicon.ico HTTP/1.1" 404 209
::1 - - [23/Aug/2017:13:04:39 -0700] "GET /t-mobile-swagger/definitions/standard/standardMonetaryValue.json HTTP/1.1" 200 823
::1 - - [23/Aug/2017:13:04:39 -0700] "GET /favicon.ico HTTP/1.1" 404 209
::1 - - [23/Aug/2017:13:04:40 -0700] "GET /t-mobile-swagger/definitions/standard/standardMonetaryValue.json HTTP/1.1" 200 823
::1 - - [23/Aug/2017:13:04:40 -0700] "GET /favicon.ico HTTP/1.1" 404 209
::1 - - [23/Aug/2017:13:04:40 -0700] "GET /t-mobile-swagger/definitions/standard/standardMonetaryValue.json HTTP/1.1" 200 823
::1 - - [23/Aug/2017:13:04:40 -0700] "GET /favicon.ico HTTP/1.1" 404 209
::1 - - [23/Aug/2017:13:04:40 -0700] "GET /t-mobile-swagger/definitions/standard/standardMonetaryValue.json HTTP/1.1" 200 823
::1 - - [23/Aug/2017:13:04:40 -0700] "GET /favicon.ico HTTP/1.1" 404 209
::1 - - [23/Aug/2017:13:04:40 -0700] "GET /t-mobile-swagger/definitions/standard/standardMonetaryValue.json HTTP/1.1" 200 823
::1 - - [23/Aug/2017:13:04:40 -0700] "GET /favicon.ico HTTP/1.1" 404 209
::1 - - [23/Aug/2017:13:07:18 -0700] "GET /swagger-editor/ HTTP/1.1" 200 3540
::1 - - [23/Aug/2017:13:07:18 -0700] "GET /swagger-editor/dist/swagger-editor.css HTTP/1.1" 200 30486
::1 - - [23/Aug/2017:13:07:18 -0700] "GET /swagger-editor/dist/swagger-editor-standalone-preset.js HTTP/1.1" 200 549254
::1 - - [23/Aug/2017:13:07:18 -0700] "GET /swagger-editor/dist/swagger-editor-bundle.js HTTP/1.1" 200 2310744
::1 - - [23/Aug/2017:13:07:20 -0700] "GET /t-mobile-swagger/definitions/standard/standardMonetaryValue.json HTTP/1.1" 200 823
::1 - - [23/Aug/2017:13:11:13 -0700] "GET /t-mobile-swagger/definitions/standard/standardMonetaryValue.json HTTP/1.1" 304 -
::1 - - [23/Aug/2017:13:11:30 -0700] "GET /t-mobile-swagger/definitions/standard/standardListSalePrice.json HTTP/1.1" 200 311
::1 - - [23/Aug/2017:13:12:34 -0700] "GET /t-mobile-swagger/ HTTP/1.1" 200 3931
::1 - - [23/Aug/2017:13:12:34 -0700] "GET /themes/apaxy/theme/style.css HTTP/1.1" 200 2334
::1 - - [23/Aug/2017:13:12:34 -0700] "GET /themes/apaxy/theme/icons/blank.png HTTP/1.1" 200 227
::1 - - [23/Aug/2017:13:12:34 -0700] "GET /themes/apaxy/theme/icons/folder-home.png HTTP/1.1" 200 618
::1 - - [23/Aug/2017:13:12:34 -0700] "GET /themes/apaxy/theme/icons/folder.png HTTP/1.1" 200 395
::1 - - [23/Aug/2017:13:12:35 -0700] "GET /t-mobile-swagger/'/themes/apaxy/theme/icons/text.png' HTTP/1.1" 404 251
::1 - - [23/Aug/2017:13:12:35 -0700] "GET /themes/apaxy/theme/icons/js.png HTTP/1.1" 200 540
::1 - - [23/Aug/2017:13:12:40 -0700] "GET /t-mobile-swagger/definitions/ HTTP/1.1" 200 2888
::1 - - [23/Aug/2017:13:12:42 -0700] "GET /t-mobile-swagger/definitions/standard/ HTTP/1.1" 200 2738
::1 - - [23/Aug/2017:13:12:45 -0700] "GET /t-mobile-swagger/definitions/standard/standardListSalePrice.json HTTP/1.1" 304 -
::1 - - [23/Aug/2017:13:13:32 -0700] "GET /t-mobile-swagger/definitions/standard/standardMonetaryValue.json HTTP/1.1" 304 -
::1 - - [23/Aug/2017:13:13:32 -0700] "GET /t-mobile-swagger/definitions/standard/standardListSalePrice.json HTTP/1.1" 200 295
::1 - - [23/Aug/2017:13:22:32 -0700] "GET /t-mobile-swagger/definitions/standard/standardMonetaryValue.json HTTP/1.1" 304 -
::1 - - [23/Aug/2017:13:22:32 -0700] "GET /t-mobile-swagger/definitions/standard/standardListSalePrice.json HTTP/1.1" 304 -
10.39.126.149 - - [23/Aug/2017:13:40:21 -0700] "GET /swagger-editor/ HTTP/1.1" 200 3540
10.39.126.149 - - [23/Aug/2017:13:40:21 -0700] "GET /swagger-editor/dist/swagger-editor.css HTTP/1.1" 200 30486
10.39.126.149 - - [23/Aug/2017:13:40:21 -0700] "GET /swagger-editor/dist/swagger-editor-standalone-preset.js HTTP/1.1" 200 549254
10.39.126.149 - - [23/Aug/2017:13:40:21 -0700] "GET /swagger-editor/dist/swagger-editor-bundle.js HTTP/1.1" 200 2310744
10.39.126.149 - - [23/Aug/2017:13:40:23 -0700] "GET /swagger-editor/dist/favicon-32x32.png HTTP/1.1" 200 1141
10.39.126.149 - - [23/Aug/2017:13:40:23 -0700] "GET /swagger-editor/dist/favicon-16x16.png HTTP/1.1" 200 445
10.239.2.9 - - [23/Aug/2017:13:46:56 -0700] "GET /swagger-editor/ HTTP/1.1" 200 3540
10.239.2.9 - - [23/Aug/2017:13:46:56 -0700] "GET /swagger-editor/dist/swagger-editor.css HTTP/1.1" 200 30486
10.239.2.9 - - [23/Aug/2017:13:46:56 -0700] "GET /swagger-editor/dist/swagger-editor-standalone-preset.js HTTP/1.1" 200 549254
10.239.2.9 - - [23/Aug/2017:13:46:56 -0700] "GET /swagger-editor/dist/swagger-editor-bundle.js HTTP/1.1" 200 2310744
10.239.2.9 - - [23/Aug/2017:13:46:57 -0700] "GET /swagger-editor/dist/favicon-32x32.png HTTP/1.1" 200 1141
10.239.2.9 - - [23/Aug/2017:13:46:57 -0700] "GET /swagger-editor/dist/favicon-16x16.png HTTP/1.1" 200 445
::1 - - [23/Aug/2017:16:35:18 -0700] "GET /t-mobile-swagger/definitions/standard/standardMonetaryValue.json HTTP/1.1" 304 -
::1 - - [23/Aug/2017:16:35:18 -0700] "GET /t-mobile-swagger/definitions/standard/standardListSalePrice.json HTTP/1.1" 304 -
::1 - - [23/Aug/2017:18:35:26 -0700] "GET /t-mobile-swagger/definitions/standard/standardListSalePrice.json HTTP/1.1" 304 -
::1 - - [23/Aug/2017:18:35:26 -0700] "GET /t-mobile-swagger/definitions/standard/standardMonetaryValue.json HTTP/1.1" 304 -
::1 - - [23/Aug/2017:18:52:09 -0700] "GET /t-mobile-swagger/ HTTP/1.1" 200 3931
::1 - - [23/Aug/2017:18:52:10 -0700] "GET /t-mobile-swagger/'/themes/apaxy/theme/icons/text.png' HTTP/1.1" 404 251
::1 - - [23/Aug/2017:18:52:10 -0700] "GET /favicon.ico HTTP/1.1" 404 209
::1 - - [23/Aug/2017:23:23:40 -0700] "GET /t-mobile-swagger/definitions/standard/standardListSalePrice.json HTTP/1.1" 304 -
::1 - - [23/Aug/2017:23:23:40 -0700] "GET /t-mobile-swagger/definitions/standard/standardMonetaryValue.json HTTP/1.1" 304 -
::1 - - [24/Aug/2017:16:16:46 -0700] "GET /t-mobile-swagger/definitions/standard/standardPriceSummary.json HTTP/1.1" 200 350
::1 - - [24/Aug/2017:16:16:46 -0700] "GET /t-mobile-swagger/definitions/product/sku.json HTTP/1.1" 404 243
::1 - - [24/Aug/2017:16:16:46 -0700] "GET /t-mobile-swagger/definitions/standard/standardPromotion.json HTTP/1.1" 200 745
::1 - - [24/Aug/2017:16:16:46 -0700] "GET /t-mobile-swagger/definitions/standard/standardPrice.json HTTP/1.1" 200 1150
::1 - - [24/Aug/2017:16:16:46 -0700] "GET /t-mobile-swagger/definitions/standard/standardCreditPrice.json HTTP/1.1" 200 379
::1 - - [24/Aug/2017:16:20:13 -0700] "GET /t-mobile-swagger/definitions/products/sku.json HTTP/1.1" 200 6532
::1 - - [24/Aug/2017:17:23:44 -0700] "GET /t-mobile-swagger/definitions/products/product.json HTTP/1.1" 200 6982
::1 - - [24/Aug/2017:17:46:54 -0700] "GET /t-mobile-swagger/definitions/products/definitions.json HTTP/1.1" 200 25329
::1 - - [24/Aug/2017:17:52:55 -0700] "GET /swagger-editor/dist/swagger-editor.css HTTP/1.1" 200 30486
::1 - - [24/Aug/2017:17:52:55 -0700] "GET /swagger-editor/dist/swagger-editor-standalone-preset.js.map HTTP/1.1" 200 348
::1 - - [24/Aug/2017:17:52:55 -0700] "GET /swagger-editor/dist/swagger-editor-bundle.js.map HTTP/1.1" 200 674
::1 - - [24/Aug/2017:17:52:55 -0700] "GET /swagger-editor/dist/swagger-editor.css.map HTTP/1.1" 200 84
::1 - - [24/Aug/2017:17:56:16 -0700] "GET /swagger-editor/ HTTP/1.1" 200 3540
::1 - - [24/Aug/2017:17:56:16 -0700] "GET /swagger-editor/dist/swagger-editor-standalone-preset.js HTTP/1.1" 200 549254
::1 - - [24/Aug/2017:17:56:17 -0700] "GET /t-mobile-swagger/definitions/standard/standardPrice.json HTTP/1.1" 200 1150
::1 - - [24/Aug/2017:17:56:17 -0700] "GET /t-mobile-swagger/definitions/standard/standardPromotion.json HTTP/1.1" 200 745
::1 - - [24/Aug/2017:17:56:17 -0700] "GET /t-mobile-swagger/definitions/standard/standardCreditPrice.json HTTP/1.1" 200 379
::1 - - [24/Aug/2017:17:56:17 -0700] "GET /t-mobile-swagger/definitions/standard/standardPriceSummary.json HTTP/1.1" 200 350
::1 - - [24/Aug/2017:17:56:17 -0700] "GET /t-mobile-swagger/definitions/products/sku.json HTTP/1.1" 200 6532
::1 - - [24/Aug/2017:17:56:17 -0700] "GET /t-mobile-swagger/definitions/standard/standardMonetaryValue.json HTTP/1.1" 200 815
::1 - - [24/Aug/2017:17:56:17 -0700] "GET /t-mobile-swagger/definitions/products/product.json HTTP/1.1" 304 -
::1 - - [24/Aug/2017:17:56:17 -0700] "GET /t-mobile-swagger/definitions/standard/standardListSalePrice.json HTTP/1.1" 200 295
::1 - - [24/Aug/2017:17:56:17 -0700] "GET /swagger-editor/dist/favicon-32x32.png HTTP/1.1" 200 1141
::1 - - [24/Aug/2017:17:56:17 -0700] "GET /swagger-editor/dist/favicon-16x16.png HTTP/1.1" 200 445
::1 - - [24/Aug/2017:18:00:28 -0700] "GET /swagger-editor/dist/swagger-editor-standalone-preset.js.map HTTP/1.1" 200 348
::1 - - [24/Aug/2017:18:00:28 -0700] "GET /swagger-editor/dist/swagger-editor-bundle.js.map HTTP/1.1" 200 674
::1 - - [24/Aug/2017:18:00:28 -0700] "GET /swagger-editor/dist/swagger-editor.css.map HTTP/1.1" 200 84
::1 - - [24/Aug/2017:18:14:36 -0700] "GET /t-mobile-swagger/definitions/products/productsRequestBody.json HTTP/1.1" 200 9812
::1 - - [24/Aug/2017:18:21:05 -0700] "GET /t-mobile-swagger/definitions/standard/standardPrice.json HTTP/1.1" 304 -
::1 - - [24/Aug/2017:18:21:05 -0700] "GET /t-mobile-swagger/definitions/standard/standardPriceSummary.json HTTP/1.1" 304 -
::1 - - [24/Aug/2017:18:21:05 -0700] "GET /t-mobile-swagger/definitions/standard/standardCreditPrice.json HTTP/1.1" 304 -
::1 - - [24/Aug/2017:18:21:05 -0700] "GET /t-mobile-swagger/definitions/products/product.json HTTP/1.1" 304 -
::1 - - [24/Aug/2017:18:21:05 -0700] "GET /t-mobile-swagger/definitions/products/sku.json HTTP/1.1" 200 6375
::1 - - [24/Aug/2017:18:21:05 -0700] "GET /t-mobile-swagger/definitions/standard/standardPromotion.json HTTP/1.1" 304 -
::1 - - [24/Aug/2017:18:21:40 -0700] "GET /swagger-editor/dist/swagger-editor-standalone-preset.js.map HTTP/1.1" 200 348
::1 - - [24/Aug/2017:18:21:40 -0700] "GET /swagger-editor/dist/swagger-editor-bundle.js.map HTTP/1.1" 200 674
::1 - - [24/Aug/2017:18:21:40 -0700] "GET /swagger-editor/dist/swagger-editor.css.map HTTP/1.1" 200 84
::1 - - [24/Aug/2017:18:23:24 -0700] "GET /swagger-editor/ HTTP/1.1" 304 -
::1 - - [24/Aug/2017:18:23:25 -0700] "GET /t-mobile-swagger/definitions/products/sku.json HTTP/1.1" 304 -
::1 - - [24/Aug/2017:18:23:25 -0700] "GET /swagger-editor/dist/favicon-32x32.png HTTP/1.1" 200 1141
::1 - - [25/Aug/2017:09:16:44 -0700] "GET /swagger-editor/dist/swagger-editor-bundle.js HTTP/1.1" 304 -
::1 - - [25/Aug/2017:09:16:45 -0700] "GET /t-mobile-swagger/definitions/standard/standardPriceSummary.json HTTP/1.1" 304 -
::1 - - [25/Aug/2017:09:16:45 -0700] "GET /t-mobile-swagger/definitions/standard/standardPrice.json HTTP/1.1" 304 -
::1 - - [25/Aug/2017:09:16:45 -0700] "GET /t-mobile-swagger/definitions/standard/standardMonetaryValue.json HTTP/1.1" 304 -
::1 - - [25/Aug/2017:09:16:45 -0700] "GET /t-mobile-swagger/definitions/standard/standardCreditPrice.json HTTP/1.1" 304 -
::1 - - [25/Aug/2017:09:16:45 -0700] "GET /t-mobile-swagger/definitions/standard/standardListSalePrice.json HTTP/1.1" 304 -
::1 - - [25/Aug/2017:09:16:45 -0700] "GET /t-mobile-swagger/definitions/standard/standardPromotion.json HTTP/1.1" 304 -
::1 - - [25/Aug/2017:09:16:46 -0700] "GET /t-mobile-swagger/definitions/products/product.json HTTP/1.1" 304 -
::1 - - [25/Aug/2017:09:16:46 -0700] "GET /t-mobile-swagger/definitions/products/sku.json HTTP/1.1" 304 -
::1 - - [25/Aug/2017:10:27:58 -0700] "GET /swagger-editor/dist/swagger-editor-bundle.js.map HTTP/1.1" 200 674
::1 - - [25/Aug/2017:10:27:58 -0700] "GET /swagger-editor/dist/swagger-editor-standalone-preset.js.map HTTP/1.1" 200 348
::1 - - [25/Aug/2017:10:27:59 -0700] "GET /swagger-editor/dist/swagger-editor.css.map HTTP/1.1" 200 84
::1 - - [25/Aug/2017:11:41:27 -0700] "GET /swagger-editor/ HTTP/1.1" 200 3540
::1 - - [25/Aug/2017:11:41:27 -0700] "GET /swagger-editor/dist/swagger-editor.css HTTP/1.1" 200 30486
::1 - - [25/Aug/2017:11:41:27 -0700] "GET /swagger-editor/dist/swagger-editor-standalone-preset.js HTTP/1.1" 200 549254
::1 - - [25/Aug/2017:11:41:27 -0700] "GET /swagger-editor/dist/swagger-editor-bundle.js HTTP/1.1" 200 2310744
::1 - - [25/Aug/2017:11:41:31 -0700] "GET /t-mobile-swagger/definitions/standard/standardListSalePrice.json HTTP/1.1" 200 295
::1 - - [25/Aug/2017:11:41:31 -0700] "GET /t-mobile-swagger/definitions/standard/standardCreditPrice.json HTTP/1.1" 200 379
::1 - - [25/Aug/2017:11:41:31 -0700] "GET /t-mobile-swagger/definitions/standard/standardPriceSummary.json HTTP/1.1" 200 350
::1 - - [25/Aug/2017:11:41:31 -0700] "GET /t-mobile-swagger/definitions/standard/standardPrice.json HTTP/1.1" 200 1150
::1 - - [25/Aug/2017:11:41:31 -0700] "GET /t-mobile-swagger/definitions/standard/standardPromotion.json HTTP/1.1" 200 745
::1 - - [25/Aug/2017:11:41:31 -0700] "GET /t-mobile-swagger/definitions/standard/standardMonetaryValue.json HTTP/1.1" 200 815
::1 - - [25/Aug/2017:11:41:31 -0700] "GET /t-mobile-swagger/definitions/products/sku.json HTTP/1.1" 200 6375
::1 - - [25/Aug/2017:11:41:31 -0700] "GET /t-mobile-swagger/definitions/products/product.json HTTP/1.1" 200 6982
::1 - - [25/Aug/2017:11:42:26 -0700] "GET /swagger-editor/dist/swagger-editor-bundle.js.map HTTP/1.1" 200 674
::1 - - [25/Aug/2017:11:42:26 -0700] "GET /swagger-editor/dist/swagger-editor-standalone-preset.js.map HTTP/1.1" 200 348
::1 - - [25/Aug/2017:11:42:26 -0700] "GET /swagger-editor/dist/swagger-editor.css.map HTTP/1.1" 200 84
::1 - - [25/Aug/2017:12:35:50 -0700] "GET /swagger-editor/ HTTP/1.1" 200 3540
::1 - - [25/Aug/2017:12:35:50 -0700] "GET /swagger-editor/dist/swagger-editor.css HTTP/1.1" 200 30486
::1 - - [25/Aug/2017:12:35:50 -0700] "GET /swagger-editor/dist/swagger-editor-standalone-preset.js HTTP/1.1" 200 549254
::1 - - [25/Aug/2017:12:35:50 -0700] "GET /swagger-editor/dist/swagger-editor-bundle.js HTTP/1.1" 200 2310744
::1 - - [25/Aug/2017:12:35:51 -0700] "GET /t-mobile-swagger/definitions/products/sku.json HTTP/1.1" 304 -
::1 - - [25/Aug/2017:12:35:51 -0700] "GET /swagger-editor/dist/favicon-32x32.png HTTP/1.1" 200 1141
::1 - - [25/Aug/2017:12:35:52 -0700] "GET /swagger-editor/dist/favicon-16x16.png HTTP/1.1" 200 445
::1 - - [25/Aug/2017:17:22:18 -0700] "GET /t-mobile-swagger/definitions/standard/standardCreditPrice.json HTTP/1.1" 304 -
::1 - - [25/Aug/2017:17:22:18 -0700] "GET /t-mobile-swagger/definitions/standard/standardListSalePrice.json HTTP/1.1" 304 -
::1 - - [25/Aug/2017:17:22:18 -0700] "GET /t-mobile-swagger/definitions/standard/standardMonetaryValue.json HTTP/1.1" 304 -
::1 - - [25/Aug/2017:17:22:18 -0700] "GET /t-mobile-swagger/definitions/standard/standardPromotion.json HTTP/1.1" 304 -
::1 - - [25/Aug/2017:17:22:18 -0700] "GET /t-mobile-swagger/definitions/standard/standardPrice.json HTTP/1.1" 304 -
::1 - - [25/Aug/2017:17:22:18 -0700] "GET /t-mobile-swagger/definitions/standard/standardPriceSummary.json HTTP/1.1" 304 -
::1 - - [25/Aug/2017:17:22:18 -0700] "GET /t-mobile-swagger/definitions/products/sku.json HTTP/1.1" 304 -
::1 - - [25/Aug/2017:17:22:18 -0700] "GET /t-mobile-swagger/definitions/products/product.json HTTP/1.1" 304 -
::1 - - [26/Aug/2017:00:02:10 -0700] "GET /t-mobile-swagger/definitions/standard/standardListSalePrice.json HTTP/1.1" 304 -
::1 - - [26/Aug/2017:00:02:10 -0700] "GET /t-mobile-swagger/definitions/standard/standardPrice.json HTTP/1.1" 304 -
::1 - - [26/Aug/2017:00:02:10 -0700] "GET /t-mobile-swagger/definitions/standard/standardMonetaryValue.json HTTP/1.1" 304 -
::1 - - [26/Aug/2017:00:02:10 -0700] "GET /t-mobile-swagger/definitions/products/product.json HTTP/1.1" 304 -
::1 - - [26/Aug/2017:00:02:10 -0700] "GET /t-mobile-swagger/definitions/standard/standardCreditPrice.json HTTP/1.1" 304 -
::1 - - [26/Aug/2017:00:02:10 -0700] "GET /t-mobile-swagger/definitions/products/sku.json HTTP/1.1" 304 -
::1 - - [26/Aug/2017:00:02:10 -0700] "GET /t-mobile-swagger/definitions/standard/standardPriceSummary.json HTTP/1.1" 304 -
::1 - - [26/Aug/2017:00:02:10 -0700] "GET /t-mobile-swagger/definitions/standard/standardPromotion.json HTTP/1.1" 304 -
::1 - - [28/Aug/2017:06:22:34 -0700] "GET /swagger-editor/ HTTP/1.1" 304 -
::1 - - [28/Aug/2017:06:22:34 -0700] "GET /swagger-editor/dist/swagger-editor-standalone-preset.js HTTP/1.1" 304 -
::1 - - [28/Aug/2017:06:22:34 -0700] "GET /swagger-editor/dist/swagger-editor.css HTTP/1.1" 304 -
::1 - - [28/Aug/2017:06:22:34 -0700] "GET /swagger-editor/dist/swagger-editor-bundle.js HTTP/1.1" 304 -
::1 - - [28/Aug/2017:13:38:03 -0700] "GET /t-mobile-swagger/definitions/common/creditPrice.json HTTP/1.1" 200 359
::1 - - [28/Aug/2017:13:38:03 -0700] "GET /t-mobile-swagger/definitions/products/product.json HTTP/1.1" 304 -
::1 - - [28/Aug/2017:13:38:03 -0700] "GET /t-mobile-swagger/definitions/common/price.json HTTP/1.1" 200 1100
::1 - - [28/Aug/2017:13:38:03 -0700] "GET /t-mobile-swagger/definitions/common/monetaryValue.json HTTP/1.1" 200 815
::1 - - [28/Aug/2017:13:38:03 -0700] "GET /t-mobile-swagger/definitions/common/listSalePrice.json HTTP/1.1" 200 275
::1 - - [28/Aug/2017:13:38:03 -0700] "GET /t-mobile-swagger/definitions/common/priceSummary.json HTTP/1.1" 200 330
::1 - - [28/Aug/2017:13:38:03 -0700] "GET /t-mobile-swagger/definitions/products/sku.json HTTP/1.1" 304 -
::1 - - [28/Aug/2017:13:38:03 -0700] "GET /t-mobile-swagger/definitions/common/promotion.json HTTP/1.1" 200 735
::1 - - [28/Aug/2017:13:53:33 -0700] "GET /swagger-editor/ HTTP/1.1" 304 -
::1 - - [28/Aug/2017:13:53:34 -0700] "GET /t-mobile-swagger/definitions/common/creditPrice.json HTTP/1.1" 304 -
::1 - - [28/Aug/2017:13:53:34 -0700] "GET /t-mobile-swagger/definitions/common/listSalePrice.json HTTP/1.1" 200 265
::1 - - [28/Aug/2017:13:53:34 -0700] "GET /t-mobile-swagger/definitions/common/price.json HTTP/1.1" 200 967
::1 - - [28/Aug/2017:13:53:34 -0700] "GET /t-mobile-swagger/definitions/common/promotion.json HTTP/1.1" 304 -
::1 - - [28/Aug/2017:13:53:34 -0700] "GET /t-mobile-swagger/definitions/common/priceSummary.json HTTP/1.1" 304 -
::1 - - [28/Aug/2017:13:53:35 -0700] "GET /swagger-editor/dist/favicon-32x32.png HTTP/1.1" 200 1141
::1 - - [28/Aug/2017:13:53:35 -0700] "GET /t-mobile-swagger/definitions/common/deposit.json HTTP/1.1" 200 392
::1 - - [28/Aug/2017:13:53:35 -0700] "GET /swagger-editor/dist/favicon-16x16.png HTTP/1.1" 200 445
::1 - - [28/Aug/2017:14:14:25 -0700] "GET /swagger-editor/ HTTP/1.1" 200 3540
::1 - - [28/Aug/2017:14:14:25 -0700] "GET /swagger-editor/dist/swagger-editor-standalone-preset.js HTTP/1.1" 200 549254
::1 - - [28/Aug/2017:14:14:25 -0700] "GET /swagger-editor/dist/swagger-editor.css HTTP/1.1" 200 30486
::1 - - [28/Aug/2017:14:14:25 -0700] "GET /swagger-editor/dist/swagger-editor-bundle.js HTTP/1.1" 200 2310744
::1 - - [28/Aug/2017:14:14:26 -0700] "GET /swagger-editor/dist/favicon-32x32.png HTTP/1.1" 200 1141
::1 - - [28/Aug/2017:14:14:38 -0700] "GET /t-mobile-swagger/definitions/common/creditPrice.json HTTP/1.1" 304 -
::1 - - [28/Aug/2017:14:14:38 -0700] "GET /t-mobile-swagger/definitions/common/priceSummary.json HTTP/1.1" 304 -
::1 - - [28/Aug/2017:14:14:38 -0700] "GET /t-mobile-swagger/definitions/common/listSalePrice.json HTTP/1.1" 304 -
::1 - - [28/Aug/2017:14:14:38 -0700] "GET /t-mobile-swagger/definitions/common/errors.json HTTP/1.1" 200 319
::1 - - [28/Aug/2017:14:14:38 -0700] "GET /t-mobile-swagger/definitions/common/price.json HTTP/1.1" 304 -
::1 - - [28/Aug/2017:14:14:38 -0700] "GET /t-mobile-swagger/definitions/common/promotion.json HTTP/1.1" 304 -
::1 - - [28/Aug/2017:14:14:38 -0700] "GET /t-mobile-swagger/definitions/common/status.json HTTP/1.1" 200 179
::1 - - [28/Aug/2017:14:14:38 -0700] "GET /t-mobile-swagger/definitions/common/deposit.json HTTP/1.1" 304 -
::1 - - [28/Aug/2017:14:17:54 -0700] "GET /swagger-editor/ HTTP/1.1" 200 3540
::1 - - [28/Aug/2017:14:17:54 -0700] "GET /swagger-editor/dist/swagger-editor-standalone-preset.js HTTP/1.1" 200 549254
::1 - - [28/Aug/2017:14:17:54 -0700] "GET /swagger-editor/dist/swagger-editor-bundle.js HTTP/1.1" 200 2310744
::1 - - [28/Aug/2017:14:17:54 -0700] "GET /swagger-editor/dist/swagger-editor.css HTTP/1.1" 200 30486
::1 - - [28/Aug/2017:14:17:55 -0700] "GET /swagger-editor/dist/favicon-32x32.png HTTP/1.1" 200 1141
::1 - - [28/Aug/2017:14:18:07 -0700] "GET /t-mobile-swagger/definitions/common/errorDetailsResponse.json HTTP/1.1" 200 220
::1 - - [28/Aug/2017:14:18:07 -0700] "GET /t-mobile-swagger/definitions/common/errors.json HTTP/1.1" 304 -
::1 - - [28/Aug/2017:14:18:07 -0700] "GET /t-mobile-swagger/definitions/common/listSalePrice.json HTTP/1.1" 304 -
::1 - - [28/Aug/2017:14:18:07 -0700] "GET /t-mobile-swagger/definitions/common/price.json HTTP/1.1" 304 -
::1 - - [28/Aug/2017:14:18:07 -0700] "GET /t-mobile-swagger/definitions/common/status.json HTTP/1.1" 304 -
::1 - - [28/Aug/2017:14:18:07 -0700] "GET /t-mobile-swagger/definitions/common/deposit.json HTTP/1.1" 304 -
::1 - - [28/Aug/2017:14:19:47 -0700] "GET /swagger-editor/ HTTP/1.1" 200 3540
::1 - - [28/Aug/2017:14:19:47 -0700] "GET /swagger-editor/dist/swagger-editor.css HTTP/1.1" 200 30486
::1 - - [28/Aug/2017:14:19:47 -0700] "GET /swagger-editor/dist/swagger-editor-standalone-preset.js HTTP/1.1" 200 549254
::1 - - [28/Aug/2017:14:19:47 -0700] "GET /swagger-editor/dist/swagger-editor-bundle.js HTTP/1.1" 200 2310744
::1 - - [28/Aug/2017:14:19:48 -0700] "GET /t-mobile-swagger/definitions/common/creditPrice.json HTTP/1.1" 304 -
::1 - - [28/Aug/2017:14:19:48 -0700] "GET /t-mobile-swagger/definitions/common/errorDetailsResponse.json HTTP/1.1" 200 296
::1 - - [28/Aug/2017:14:19:48 -0700] "GET /t-mobile-swagger/definitions/common/errors.json HTTP/1.1" 304 -
::1 - - [28/Aug/2017:14:19:48 -0700] "GET /t-mobile-swagger/definitions/common/promotion.json HTTP/1.1" 304 -
::1 - - [28/Aug/2017:14:19:48 -0700] "GET /t-mobile-swagger/definitions/common/priceSummary.json HTTP/1.1" 304 -
::1 - - [28/Aug/2017:14:19:48 -0700] "GET /t-mobile-swagger/definitions/common/status.json HTTP/1.1" 304 -
::1 - - [28/Aug/2017:14:19:48 -0700] "GET /swagger-editor/dist/favicon-32x32.png HTTP/1.1" 200 1141
::1 - - [28/Aug/2017:14:22:59 -0700] "GET /swagger-editor/dist/swagger-editor-standalone-preset.js HTTP/1.1" 200 549254
::1 - - [28/Aug/2017:14:22:59 -0700] "GET /swagger-editor/dist/swagger-editor-bundle.js HTTP/1.1" 200 2310744
::1 - - [28/Aug/2017:14:22:59 -0700] "GET /swagger-editor/ HTTP/1.1" 200 3540
::1 - - [28/Aug/2017:14:22:59 -0700] "GET /swagger-editor/dist/swagger-editor.css HTTP/1.1" 200 30486
::1 - - [28/Aug/2017:14:23:00 -0700] "GET /swagger-editor/dist/favicon-32x32.png HTTP/1.1" 200 1141
::1 - - [28/Aug/2017:14:23:13 -0700] "GET /t-mobile-swagger/definitions/common/errorDetailsResponse.json HTTP/1.1" 304 -
::1 - - [28/Aug/2017:14:23:13 -0700] "GET /t-mobile-swagger/definitions/common/errors.json HTTP/1.1" 304 -
::1 - - [28/Aug/2017:14:23:13 -0700] "GET /t-mobile-swagger/definitions/common/listSalePrice.json HTTP/1.1" 304 -
::1 - - [28/Aug/2017:14:23:13 -0700] "GET /t-mobile-swagger/definitions/common/price.json HTTP/1.1" 304 -
::1 - - [28/Aug/2017:14:23:13 -0700] "GET /t-mobile-swagger/definitions/common/status.json HTTP/1.1" 304 -
::1 - - [28/Aug/2017:14:23:13 -0700] "GET /t-mobile-swagger/definitions/common/deposit.json HTTP/1.1" 304 -
::1 - - [28/Aug/2017:16:37:12 -0700] "GET /swagger-editor/ HTTP/1.1" 200 3540
::1 - - [28/Aug/2017:16:37:12 -0700] "GET /swagger-editor/dist/swagger-editor.css HTTP/1.1" 200 30486
::1 - - [28/Aug/2017:16:37:12 -0700] "GET /swagger-editor/dist/swagger-editor-standalone-preset.js HTTP/1.1" 200 549254
::1 - - [28/Aug/2017:16:37:12 -0700] "GET /swagger-editor/dist/swagger-editor-bundle.js HTTP/1.1" 200 2310744
::1 - - [28/Aug/2017:16:37:13 -0700] "GET /swagger-editor/dist/favicon-32x32.png HTTP/1.1" 200 1141
::1 - - [28/Aug/2017:16:37:22 -0700] "GET /t-mobile-swagger/definitions/common/price.json HTTP/1.1" 304 -
::1 - - [28/Aug/2017:16:37:22 -0700] "GET /t-mobile-swagger/definitions/common/errorDetailsResponse.json HTTP/1.1" 304 -
::1 - - [28/Aug/2017:16:37:22 -0700] "GET /t-mobile-swagger/definitions/common/listSalePrice.json HTTP/1.1" 304 -
::1 - - [28/Aug/2017:16:37:22 -0700] "GET /t-mobile-swagger/definitions/common/errors.json HTTP/1.1" 304 -
::1 - - [28/Aug/2017:16:37:22 -0700] "GET /t-mobile-swagger/definitions/common/priceSummary.json HTTP/1.1" 304 -
::1 - - [28/Aug/2017:16:37:22 -0700] "GET /t-mobile-swagger/definitions/common/status.json HTTP/1.1" 304 -
::1 - - [28/Aug/2017:16:37:22 -0700] "GET /t-mobile-swagger/definitions/common/creditPrice.json HTTP/1.1" 304 -
::1 - - [28/Aug/2017:16:37:22 -0700] "GET /t-mobile-swagger/definitions/common/promotion.json HTTP/1.1" 304 -
::1 - - [28/Aug/2017:16:37:22 -0700] "GET /t-mobile-swagger/definitions/common/deposit.json HTTP/1.1" 304 -
::1 - - [28/Aug/2017:16:38:18 -0700] "GET /swagger-editor/ HTTP/1.1" 200 3540
::1 - - [28/Aug/2017:16:38:18 -0700] "GET /swagger-editor/dist/swagger-editor.css HTTP/1.1" 200 30486
::1 - - [28/Aug/2017:16:38:18 -0700] "GET /swagger-editor/dist/swagger-editor-standalone-preset.js HTTP/1.1" 200 549254
::1 - - [28/Aug/2017:16:38:18 -0700] "GET /swagger-editor/dist/swagger-editor-bundle.js HTTP/1.1" 200 2310744
::1 - - [28/Aug/2017:16:38:18 -0700] "GET /swagger-editor/dist/favicon-32x32.png HTTP/1.1" 200 1141
::1 - - [28/Aug/2017:16:41:52 -0700] "GET /swagger-editor/ HTTP/1.1" 200 3540
::1 - - [28/Aug/2017:16:41:52 -0700] "GET /swagger-editor/dist/swagger-editor.css HTTP/1.1" 200 30486
::1 - - [28/Aug/2017:16:41:52 -0700] "GET /swagger-editor/dist/swagger-editor-bundle.js HTTP/1.1" 200 2310744
::1 - - [28/Aug/2017:16:41:52 -0700] "GET /swagger-editor/dist/swagger-editor-standalone-preset.js HTTP/1.1" 200 549254
::1 - - [28/Aug/2017:16:41:53 -0700] "GET /t-mobile-swagger/definitions/common/creditPrice.json HTTP/1.1" 200 359
::1 - - [28/Aug/2017:16:41:53 -0700] "GET /t-mobile-swagger/definitions/common/errorDetailsResponse.json HTTP/1.1" 200 296
::1 - - [28/Aug/2017:16:41:53 -0700] "GET /t-mobile-swagger/definitions/common/errors.json HTTP/1.1" 200 319
::1 - - [28/Aug/2017:16:41:53 -0700] "GET /t-mobile-swagger/definitions/common/listSalePrice.json HTTP/1.1" 200 265
::1 - - [28/Aug/2017:16:41:53 -0700] "GET /t-mobile-swagger/definitions/common/priceSummary.json HTTP/1.1" 200 330
::1 - - [28/Aug/2017:16:41:53 -0700] "GET /t-mobile-swagger/definitions/common/status.json HTTP/1.1" 200 179
::1 - - [28/Aug/2017:16:41:53 -0700] "GET /t-mobile-swagger/definitions/common/monetaryValue.json HTTP/1.1" 200 815
::1 - - [28/Aug/2017:16:41:53 -0700] "GET /t-mobile-swagger/definitions/products/product.json HTTP/1.1" 200 6982
::1 - - [28/Aug/2017:16:41:53 -0700] "GET /t-mobile-swagger/definitions/products/sku.json HTTP/1.1" 200 6098
::1 - - [28/Aug/2017:16:41:53 -0700] "GET /t-mobile-swagger/definitions/common/promotion.json HTTP/1.1" 200 735
::1 - - [28/Aug/2017:16:41:53 -0700] "GET /swagger-editor/dist/favicon-32x32.png HTTP/1.1" 200 1141
::1 - - [28/Aug/2017:16:41:53 -0700] "GET /t-mobile-swagger/definitions/common/price.json HTTP/1.1" 200 967
::1 - - [28/Aug/2017:16:41:53 -0700] "GET /swagger-editor/dist/favicon-16x16.png HTTP/1.1" 200 445
::1 - - [28/Aug/2017:16:41:53 -0700] "GET /t-mobile-swagger/definitions/common/availability.json HTTP/1.1" 200 810
::1 - - [28/Aug/2017:16:41:53 -0700] "GET /t-mobile-swagger/definitions/common/deposit.json HTTP/1.1" 200 392
::1 - - [28/Aug/2017:16:50:41 -0700] "GET /swagger-editor/ HTTP/1.1" 200 3540
::1 - - [28/Aug/2017:16:50:41 -0700] "GET /swagger-editor/dist/swagger-editor.css HTTP/1.1" 200 30486
::1 - - [28/Aug/2017:16:50:41 -0700] "GET /swagger-editor/dist/swagger-editor-standalone-preset.js HTTP/1.1" 200 549254
::1 - - [28/Aug/2017:16:50:41 -0700] "GET /swagger-editor/dist/swagger-editor-bundle.js HTTP/1.1" 200 2310744
::1 - - [28/Aug/2017:16:50:42 -0700] "GET /t-mobile-swagger/definitions/common/creditPrice.json HTTP/1.1" 200 359
::1 - - [28/Aug/2017:16:50:42 -0700] "GET /t-mobile-swagger/definitions/common/listSalePrice.json HTTP/1.1" 200 265
::1 - - [28/Aug/2017:16:50:42 -0700] "GET /t-mobile-swagger/definitions/common/errors.json HTTP/1.1" 200 319
::1 - - [28/Aug/2017:16:50:42 -0700] "GET /t-mobile-swagger/definitions/common/errorDetailsResponse.json HTTP/1.1" 200 296
::1 - - [28/Aug/2017:16:50:42 -0700] "GET /t-mobile-swagger/definitions/common/monetaryValue.json HTTP/1.1" 200 815
::1 - - [28/Aug/2017:16:50:42 -0700] "GET /t-mobile-swagger/definitions/common/price.json HTTP/1.1" 200 967
::1 - - [28/Aug/2017:16:50:42 -0700] "GET /t-mobile-swagger/definitions/common/priceSummary.json HTTP/1.1" 200 330
::1 - - [28/Aug/2017:16:50:42 -0700] "GET /t-mobile-swagger/definitions/common/promotion.json HTTP/1.1" 200 735
::1 - - [28/Aug/2017:16:50:42 -0700] "GET /t-mobile-swagger/definitions/common/status.json HTTP/1.1" 200 179
::1 - - [28/Aug/2017:16:50:42 -0700] "GET /t-mobile-swagger/definitions/products/product.json HTTP/1.1" 200 6982
::1 - - [28/Aug/2017:16:50:42 -0700] "GET /swagger-editor/dist/favicon-32x32.png HTTP/1.1" 200 1141
::1 - - [28/Aug/2017:16:50:42 -0700] "GET /t-mobile-swagger/definitions/products/sku.json HTTP/1.1" 200 5702
::1 - - [28/Aug/2017:16:50:42 -0700] "GET /t-mobile-swagger/definitions/common/deposit.json HTTP/1.1" 200 392
::1 - - [28/Aug/2017:16:50:42 -0700] "GET /t-mobile-swagger/definitions/common/availability.json HTTP/1.1" 200 810
::1 - - [28/Aug/2017:16:50:42 -0700] "GET /swagger-editor/dist/favicon-16x16.png HTTP/1.1" 200 445
::1 - - [29/Aug/2017:09:19:49 -0700] "GET /swagger-editor/ HTTP/1.1" 200 3540
::1 - - [29/Aug/2017:09:19:49 -0700] "GET /swagger-editor/dist/swagger-editor.css HTTP/1.1" 200 30486
::1 - - [29/Aug/2017:09:19:49 -0700] "GET /swagger-editor/dist/swagger-editor-standalone-preset.js HTTP/1.1" 200 549254
::1 - - [29/Aug/2017:09:19:49 -0700] "GET /swagger-editor/dist/swagger-editor-bundle.js HTTP/1.1" 200 2310744
::1 - - [29/Aug/2017:09:19:51 -0700] "GET /t-mobile-swagger/definitions/common/status.json HTTP/1.1" 200 179
::1 - - [29/Aug/2017:09:19:51 -0700] "GET /t-mobile-swagger/definitions/common/errorDetailsResponse.json HTTP/1.1" 200 296
::1 - - [29/Aug/2017:09:19:51 -0700] "GET /t-mobile-swagger/definitions/common/errors.json HTTP/1.1" 200 319
::1 - - [29/Aug/2017:09:19:51 -0700] "GET /t-mobile-swagger/definitions/common/price.json HTTP/1.1" 200 967
::1 - - [29/Aug/2017:09:19:52 -0700] "GET /t-mobile-swagger/definitions/common/deposit.json HTTP/1.1" 200 392
::1 - - [29/Aug/2017:09:19:52 -0700] "GET /t-mobile-swagger/definitions/common/creditPrice.json HTTP/1.1" 200 359
::1 - - [29/Aug/2017:09:19:52 -0700] "GET /t-mobile-swagger/definitions/common/promotion.json HTTP/1.1" 200 735
::1 - - [29/Aug/2017:09:19:52 -0700] "GET /t-mobile-swagger/definitions/common/listSalePrice.json HTTP/1.1" 200 265
::1 - - [29/Aug/2017:09:19:52 -0700] "GET /t-mobile-swagger/definitions/common/priceSummary.json HTTP/1.1" 200 330
::1 - - [29/Aug/2017:09:19:53 -0700] "GET /t-mobile-swagger/definitions/common/monetaryValue.json HTTP/1.1" 200 815
::1 - - [29/Aug/2017:16:08:13 -0700] "GET /t-mobile-swagger/definitions/products/sku.json HTTP/1.1" 200 5702
::1 - - [29/Aug/2017:16:08:13 -0700] "GET /t-mobile-swagger/definitions/products/product.json HTTP/1.1" 200 6982
::1 - - [29/Aug/2017:16:08:14 -0700] "GET /t-mobile-swagger/definitions/common/availability.json HTTP/1.1" 200 810
::1 - - [30/Aug/2017:09:07:55 -0700] "GET /swagger-editor/ HTTP/1.1" 200 3540
::1 - - [30/Aug/2017:09:07:55 -0700] "GET /swagger-editor/dist/swagger-editor.css HTTP/1.1" 200 30486
::1 - - [30/Aug/2017:09:07:55 -0700] "GET /swagger-editor/dist/swagger-editor-standalone-preset.js HTTP/1.1" 200 549254
::1 - - [30/Aug/2017:09:07:55 -0700] "GET /swagger-editor/dist/swagger-editor-bundle.js HTTP/1.1" 200 2310744
::1 - - [30/Aug/2017:09:08:00 -0700] "GET /t-mobile-swagger/definitions/common/creditPrice.json HTTP/1.1" 200 359
::1 - - [30/Aug/2017:09:08:00 -0700] "GET /t-mobile-swagger/definitions/common/errorDetailsResponse.json HTTP/1.1" 200 296
::1 - - [30/Aug/2017:09:08:00 -0700] "GET /t-mobile-swagger/definitions/common/errors.json HTTP/1.1" 200 319
::1 - - [30/Aug/2017:09:08:00 -0700] "GET /t-mobile-swagger/definitions/common/monetaryValue.json HTTP/1.1" 200 815
::1 - - [30/Aug/2017:09:08:00 -0700] "GET /t-mobile-swagger/definitions/common/price.json HTTP/1.1" 200 967
::1 - - [30/Aug/2017:09:08:00 -0700] "GET /t-mobile-swagger/definitions/common/priceSummary.json HTTP/1.1" 200 330
::1 - - [30/Aug/2017:09:08:00 -0700] "GET /t-mobile-swagger/definitions/common/listSalePrice.json HTTP/1.1" 200 265
::1 - - [30/Aug/2017:09:08:00 -0700] "GET /t-mobile-swagger/definitions/common/status.json HTTP/1.1" 200 179
::1 - - [30/Aug/2017:09:08:00 -0700] "GET /t-mobile-swagger/definitions/common/promotion.json HTTP/1.1" 200 735
::1 - - [30/Aug/2017:09:08:00 -0700] "GET /t-mobile-swagger/definitions/products/sku.json HTTP/1.1" 200 5702
::1 - - [30/Aug/2017:09:08:00 -0700] "GET /t-mobile-swagger/definitions/products/product.json HTTP/1.1" 200 6982
::1 - - [30/Aug/2017:09:08:00 -0700] "GET /t-mobile-swagger/definitions/common/deposit.json HTTP/1.1" 200 392
::1 - - [30/Aug/2017:09:08:01 -0700] "GET /t-mobile-swagger/definitions/common/availability.json HTTP/1.1" 200 810
::1 - - [30/Aug/2017:14:06:59 -0700] "GET /swagger-editor/ HTTP/1.1" 200 3540
::1 - - [30/Aug/2017:14:06:59 -0700] "GET /swagger-editor/dist/swagger-editor.css HTTP/1.1" 200 30486
::1 - - [30/Aug/2017:14:06:59 -0700] "GET /swagger-editor/dist/swagger-editor-standalone-preset.js HTTP/1.1" 200 549254
::1 - - [30/Aug/2017:14:06:59 -0700] "GET /swagger-editor/dist/swagger-editor-bundle.js HTTP/1.1" 200 2310744
::1 - - [30/Aug/2017:14:07:00 -0700] "GET /t-mobile-swagger/definitions/common/listSalePrice.json HTTP/1.1" 200 265
::1 - - [30/Aug/2017:14:07:00 -0700] "GET /t-mobile-swagger/definitions/common/errorDetailsResponse.json HTTP/1.1" 200 296
::1 - - [30/Aug/2017:14:07:00 -0700] "GET /t-mobile-swagger/definitions/common/errors.json HTTP/1.1" 200 319
::1 - - [30/Aug/2017:14:07:00 -0700] "GET /t-mobile-swagger/definitions/common/creditPrice.json HTTP/1.1" 200 359
::1 - - [30/Aug/2017:14:07:00 -0700] "GET /t-mobile-swagger/definitions/common/priceSummary.json HTTP/1.1" 200 330
::1 - - [30/Aug/2017:14:07:00 -0700] "GET /t-mobile-swagger/definitions/common/status.json HTTP/1.1" 200 179
::1 - - [30/Aug/2017:14:07:00 -0700] "GET /t-mobile-swagger/definitions/common/promotion.json HTTP/1.1" 200 735
::1 - - [30/Aug/2017:14:07:00 -0700] "GET /t-mobile-swagger/definitions/common/price.json HTTP/1.1" 200 967
::1 - - [30/Aug/2017:14:07:00 -0700] "GET /t-mobile-swagger/definitions/common/monetaryValue.json HTTP/1.1" 200 815
::1 - - [30/Aug/2017:14:07:00 -0700] "GET /t-mobile-swagger/definitions/products/product.json HTTP/1.1" 200 6982
::1 - - [30/Aug/2017:14:07:00 -0700] "GET /t-mobile-swagger/definitions/products/sku.json HTTP/1.1" 200 5702
::1 - - [30/Aug/2017:14:07:00 -0700] "GET /t-mobile-swagger/definitions/common/deposit.json HTTP/1.1" 200 392
::1 - - [30/Aug/2017:14:07:00 -0700] "GET /swagger-editor/dist/favicon-32x32.png HTTP/1.1" 200 1141
::1 - - [30/Aug/2017:14:07:01 -0700] "GET /swagger-editor/dist/favicon-16x16.png HTTP/1.1" 200 445
::1 - - [30/Aug/2017:14:07:00 -0700] "GET /t-mobile-swagger/definitions/common/availability.json HTTP/1.1" 200 810
::1 - - [30/Aug/2017:14:07:02 -0700] "GET /swagger-editor/ HTTP/1.1" 200 3540
::1 - - [30/Aug/2017:14:07:02 -0700] "GET /swagger-editor/dist/swagger-editor.css HTTP/1.1" 200 30486
::1 - - [30/Aug/2017:14:07:02 -0700] "GET /swagger-editor/dist/swagger-editor-standalone-preset.js HTTP/1.1" 200 549254
::1 - - [30/Aug/2017:14:07:02 -0700] "GET /swagger-editor/dist/swagger-editor-bundle.js HTTP/1.1" 200 2310744
::1 - - [30/Aug/2017:14:07:03 -0700] "GET /swagger-editor/dist/favicon-32x32.png HTTP/1.1" 200 1141
::1 - - [30/Aug/2017:14:08:10 -0700] "GET /swagger-editor/ HTTP/1.1" 200 3540
::1 - - [30/Aug/2017:14:08:10 -0700] "GET /swagger-editor/dist/swagger-editor.css HTTP/1.1" 200 30486
::1 - - [30/Aug/2017:14:08:10 -0700] "GET /swagger-editor/dist/swagger-editor-standalone-preset.js HTTP/1.1" 200 549254
::1 - - [30/Aug/2017:14:08:10 -0700] "GET /swagger-editor/dist/swagger-editor-bundle.js HTTP/1.1" 200 2310744
::1 - - [30/Aug/2017:14:08:11 -0700] "GET /swagger-editor/dist/favicon-32x32.png HTTP/1.1" 200 1141
::1 - - [30/Aug/2017:14:08:13 -0700] "GET /swagger-editor/ HTTP/1.1" 200 3540
::1 - - [30/Aug/2017:14:08:13 -0700] "GET /swagger-editor/dist/swagger-editor-standalone-preset.js HTTP/1.1" 200 549254
::1 - - [30/Aug/2017:14:08:13 -0700] "GET /swagger-editor/dist/swagger-editor.css HTTP/1.1" 200 30486
::1 - - [30/Aug/2017:14:08:13 -0700] "GET /swagger-editor/dist/swagger-editor-bundle.js HTTP/1.1" 200 2310744
::1 - - [30/Aug/2017:14:08:13 -0700] "GET /swagger-editor/dist/favicon-32x32.png HTTP/1.1" 200 1141
::1 - - [30/Aug/2017:14:09:40 -0700] "GET /swagger-editor/ HTTP/1.1" 200 3540
::1 - - [30/Aug/2017:14:09:40 -0700] "GET /swagger-editor/dist/swagger-editor-standalone-preset.js HTTP/1.1" 200 549254
::1 - - [30/Aug/2017:14:09:40 -0700] "GET /swagger-editor/dist/swagger-editor.css HTTP/1.1" 200 30486
::1 - - [30/Aug/2017:14:09:40 -0700] "GET /swagger-editor/dist/swagger-editor-bundle.js HTTP/1.1" 200 2310744
::1 - - [30/Aug/2017:14:09:41 -0700] "GET /swagger-editor/dist/favicon-32x32.png HTTP/1.1" 200 1141
::1 - - [30/Aug/2017:14:09:43 -0700] "GET /swagger-editor/ HTTP/1.1" 200 3540
::1 - - [30/Aug/2017:14:09:43 -0700] "GET /swagger-editor/dist/swagger-editor.css HTTP/1.1" 200 30486
::1 - - [30/Aug/2017:14:09:43 -0700] "GET /swagger-editor/dist/swagger-editor-standalone-preset.js HTTP/1.1" 200 549254
::1 - - [30/Aug/2017:14:09:43 -0700] "GET /swagger-editor/dist/swagger-editor-bundle.js HTTP/1.1" 200 2310744
::1 - - [30/Aug/2017:14:09:44 -0700] "GET /swagger-editor/dist/favicon-32x32.png HTTP/1.1" 200 1141
::1 - - [30/Aug/2017:14:09:50 -0700] "GET /swagger-editor/ HTTP/1.1" 200 3540
::1 - - [30/Aug/2017:14:09:50 -0700] "GET /swagger-editor/dist/swagger-editor.css HTTP/1.1" 200 30486
::1 - - [30/Aug/2017:14:09:50 -0700] "GET /swagger-editor/dist/swagger-editor-bundle.js HTTP/1.1" 200 2310744
::1 - - [30/Aug/2017:14:09:50 -0700] "GET /swagger-editor/dist/swagger-editor-standalone-preset.js HTTP/1.1" 200 549254
::1 - - [30/Aug/2017:14:09:51 -0700] "GET /swagger-editor/dist/favicon-32x32.png HTTP/1.1" 200 1141
::1 - - [30/Aug/2017:14:12:33 -0700] "GET /swagger-editor/ HTTP/1.1" 200 3540
::1 - - [30/Aug/2017:14:12:33 -0700] "GET /swagger-editor/dist/swagger-editor.css HTTP/1.1" 200 30486
::1 - - [30/Aug/2017:14:12:33 -0700] "GET /swagger-editor/dist/swagger-editor-standalone-preset.js HTTP/1.1" 200 549254
::1 - - [30/Aug/2017:14:12:33 -0700] "GET /swagger-editor/dist/swagger-editor-bundle.js HTTP/1.1" 200 2310744
::1 - - [30/Aug/2017:14:12:34 -0700] "GET /swagger-editor/dist/favicon-32x32.png HTTP/1.1" 200 1141
::1 - - [30/Aug/2017:19:20:12 -0700] "GET /t-mobile-swagger/definitions/common/errorDetailsResponse.json HTTP/1.1" 304 -
::1 - - [30/Aug/2017:19:20:12 -0700] "GET /t-mobile-swagger/definitions/common/listSalePrice.json HTTP/1.1" 304 -
::1 - - [30/Aug/2017:19:20:12 -0700] "GET /t-mobile-swagger/definitions/common/errors.json HTTP/1.1" 304 -
::1 - - [30/Aug/2017:19:20:12 -0700] "GET /t-mobile-swagger/definitions/common/creditPrice.json HTTP/1.1" 304 -
::1 - - [30/Aug/2017:19:20:12 -0700] "GET /t-mobile-swagger/definitions/common/priceSummary.json HTTP/1.1" 304 -
::1 - - [30/Aug/2017:19:20:12 -0700] "GET /t-mobile-swagger/definitions/common/price.json HTTP/1.1" 304 -
::1 - - [30/Aug/2017:19:20:12 -0700] "GET /t-mobile-swagger/definitions/common/promotion.json HTTP/1.1" 304 -
::1 - - [30/Aug/2017:19:20:12 -0700] "GET /t-mobile-swagger/definitions/common/status.json HTTP/1.1" 304 -
::1 - - [30/Aug/2017:19:20:12 -0700] "GET /t-mobile-swagger/definitions/products/sku.json HTTP/1.1" 304 -
::1 - - [30/Aug/2017:19:20:12 -0700] "GET /t-mobile-swagger/definitions/common/deposit.json HTTP/1.1" 304 -
::1 - - [30/Aug/2017:19:20:12 -0700] "GET /t-mobile-swagger/definitions/common/availability.json HTTP/1.1" 304 -
::1 - - [31/Aug/2017:06:34:08 -0700] "GET /t-mobile-swagger/definitions/common/listSalePrice.json HTTP/1.1" 304 -
::1 - - [31/Aug/2017:06:34:08 -0700] "GET /t-mobile-swagger/definitions/common/errors.json HTTP/1.1" 304 -
::1 - - [31/Aug/2017:06:34:08 -0700] "GET /t-mobile-swagger/definitions/common/price.json HTTP/1.1" 304 -
::1 - - [31/Aug/2017:06:34:08 -0700] "GET /t-mobile-swagger/definitions/common/priceSummary.json HTTP/1.1" 304 -
::1 - - [31/Aug/2017:06:34:08 -0700] "GET /t-mobile-swagger/definitions/common/promotion.json HTTP/1.1" 304 -
::1 - - [31/Aug/2017:06:34:08 -0700] "GET /t-mobile-swagger/definitions/common/status.json HTTP/1.1" 304 -
::1 - - [31/Aug/2017:06:34:08 -0700] "GET /t-mobile-swagger/definitions/common/monetaryValue.json HTTP/1.1" 304 -
::1 - - [31/Aug/2017:06:34:08 -0700] "GET /t-mobile-swagger/definitions/products/sku.json HTTP/1.1" 304 -
::1 - - [31/Aug/2017:06:34:08 -0700] "GET /t-mobile-swagger/definitions/products/product.json HTTP/1.1" 304 -
::1 - - [31/Aug/2017:06:34:08 -0700] "GET /t-mobile-swagger/definitions/common/errorDetailsResponse.json HTTP/1.1" 304 -
::1 - - [31/Aug/2017:06:34:08 -0700] "GET /t-mobile-swagger/definitions/common/creditPrice.json HTTP/1.1" 304 -
::1 - - [31/Aug/2017:06:34:08 -0700] "GET /t-mobile-swagger/definitions/common/deposit.json HTTP/1.1" 304 -
::1 - - [31/Aug/2017:06:34:08 -0700] "GET /t-mobile-swagger/definitions/common/availability.json HTTP/1.1" 304 -
::1 - - [31/Aug/2017:11:00:55 -0700] "GET /t-mobile/ HTTP/1.1" 200 3109
::1 - - [31/Aug/2017:11:00:55 -0700] "GET /themes/apaxy/theme/style.css HTTP/1.1" 200 2334
::1 - - [31/Aug/2017:11:00:55 -0700] "GET /themes/apaxy/theme/icons/blank.png HTTP/1.1" 200 227
::1 - - [31/Aug/2017:11:00:55 -0700] "GET /themes/apaxy/theme/icons/folder-home.png HTTP/1.1" 200 618
::1 - - [31/Aug/2017:11:00:55 -0700] "GET /themes/apaxy/theme/icons/folder.png HTTP/1.1" 200 395
::1 - - [31/Aug/2017:11:00:55 -0700] "GET /themes/apaxy/theme/icons/default.png HTTP/1.1" 200 311
::1 - - [31/Aug/2017:11:00:55 -0700] "GET /themes/apaxy/theme/icons/markdown.png HTTP/1.1" 200 627
::1 - - [31/Aug/2017:11:00:55 -0700] "GET /favicon.ico HTTP/1.1" 404 209
::1 - - [31/Aug/2017:11:02:09 -0700] "GET /t-mobile/ HTTP/1.1" 200 2288
::1 - - [31/Aug/2017:11:02:11 -0700] "GET /t-mobile/dcp-api-swagger/ HTTP/1.1" 200 3143
::1 - - [31/Aug/2017:11:02:12 -0700] "GET /t-mobile/dcp-api-swagger/api/ HTTP/1.1" 200 2334
::1 - - [31/Aug/2017:11:02:15 -0700] "GET /t-mobile/dcp-api-swagger/api/swagger/ HTTP/1.1" 200 2607
::1 - - [31/Aug/2017:11:02:17 -0700] "GET /t-mobile/dcp-api-swagger/api/swagger/v2/ HTTP/1.1" 200 6283
::1 - - [31/Aug/2017:11:02:17 -0700] "GET /themes/apaxy/theme/icons/js.png HTTP/1.1" 200 540
::1 - - [31/Aug/2017:11:12:04 -0700] "GET /t-mobile/dcp-api-swagger/api/swagger/v2/ HTTP/1.1" 200 6283
::1 - - [31/Aug/2017:11:12:40 -0700] "GET /t-mobile/dcp-api-swagger/api/swagger/v2/ HTTP/1.1" 200 6283
::1 - - [31/Aug/2017:11:19:40 -0700] "GET /t-mobile/dcp-api-swagger/api/swagger/v2/definitions/common/creditPrice.json HTTP/1.1" 200 405
::1 - - [31/Aug/2017:11:19:40 -0700] "GET /t-mobile/dcp-api-swagger/api/swagger/v2/definitions/common/listSalePrice.json HTTP/1.1" 200 311
::1 - - [31/Aug/2017:11:19:40 -0700] "GET /t-mobile/dcp-api-swagger/api/swagger/v2/definitions/common/errorDetailsResponse.json HTTP/1.1" 200 342
::1 - - [31/Aug/2017:11:19:40 -0700] "GET /t-mobile/dcp-api-swagger/api/swagger/v2/definitions/common/errors.json HTTP/1.1" 200 319
::1 - - [31/Aug/2017:11:19:40 -0700] "GET /t-mobile/dcp-api-swagger/api/swagger/v2/definitions/common/monetaryValue.json HTTP/1.1" 200 815
::1 - - [31/Aug/2017:11:19:40 -0700] "GET /t-mobile/dcp-api-swagger/api/swagger/v2/definitions/common/price.json HTTP/1.1" 200 1082
::1 - - [31/Aug/2017:11:19:40 -0700] "GET /t-mobile/dcp-api-swagger/api/swagger/v2/definitions/common/promotion.json HTTP/1.1" 200 758
::1 - - [31/Aug/2017:11:19:40 -0700] "GET /t-mobile/dcp-api-swagger/api/swagger/v2/definitions/common/priceSummary.json HTTP/1.1" 200 376
::1 - - [31/Aug/2017:11:19:40 -0700] "GET /t-mobile/dcp-api-swagger/api/swagger/v2/definitions/common/status.json HTTP/1.1" 200 179
::1 - - [31/Aug/2017:11:19:40 -0700] "GET /t-mobile/dcp-api-swagger/api/swagger/v2/definitions/products/sku.json HTTP/1.1" 200 5702
::1 - - [31/Aug/2017:11:19:40 -0700] "GET /t-mobile/dcp-api-swagger/api/swagger/v2/definitions/products/product.json HTTP/1.1" 200 6982
::1 - - [31/Aug/2017:11:19:40 -0700] "GET /t-mobile/dcp-api-swagger/api/swagger/v2/definitions/common/deposit.json HTTP/1.1" 200 438
::1 - - [31/Aug/2017:12:40:05 -0700] "GET /t-mobile/dcp-api-swagger/api/swagger/v2/ HTTP/1.1" 200 6333
::1 - - [31/Aug/2017:12:40:07 -0700] "GET /t-mobile/dcp-api-swagger/api/swagger/v2/ HTTP/1.1" 200 6333
::1 - - [31/Aug/2017:12:40:08 -0700] "GET /t-mobile/dcp-api-swagger/api/swagger/v2/ HTTP/1.1" 200 6333
::1 - - [31/Aug/2017:12:40:09 -0700] "GET /t-mobile/dcp-api-swagger/api/swagger/v2/definitions/ HTTP/1.1" 200 2946
::1 - - [31/Aug/2017:12:40:11 -0700] "GET /t-mobile/dcp-api-swagger/api/swagger/v2/definitions/common/ HTTP/1.1" 200 5532
::1 - - [31/Aug/2017:12:40:12 -0700] "GET /t-mobile/dcp-api-swagger/api/swagger/v2/definitions/ HTTP/1.1" 200 2946
::1 - - [31/Aug/2017:12:40:13 -0700] "GET /t-mobile/dcp-api-swagger/api/swagger/v2/ HTTP/1.1" 200 6333
::1 - - [31/Aug/2017:12:40:14 -0700] "GET /t-mobile/dcp-api-swagger/api/swagger/ HTTP/1.1" 200 2602
::1 - - [31/Aug/2017:12:40:15 -0700] "GET /t-mobile/dcp-api-swagger/api/swagger/v3/ HTTP/1.1" 200 2694
::1 - - [31/Aug/2017:12:40:16 -0700] "GET /t-mobile/dcp-api-swagger/api/swagger/ HTTP/1.1" 200 2602
::1 - - [31/Aug/2017:12:45:24 -0700] "GET /t-mobile/dcp-api-swagger/api/ HTTP/1.1" 200 2329
::1 - - [31/Aug/2017:12:45:25 -0700] "GET /t-mobile/dcp-api-swagger/ HTTP/1.1" 200 3137
::1 - - [31/Aug/2017:12:45:26 -0700] "GET /t-mobile/ HTTP/1.1" 200 2283
::1 - - [31/Aug/2017:12:55:56 -0700] "GET /t-mobile/ HTTP/1.1" 200 2283
::1 - - [31/Aug/2017:12:55:57 -0700] "GET /t-mobile/ HTTP/1.1" 200 2283
::1 - - [31/Aug/2017:12:55:58 -0700] "GET /t-mobile/ HTTP/1.1" 200 2283
::1 - - [31/Aug/2017:12:55:59 -0700] "GET /t-mobile/dcp-api-swagger/ HTTP/1.1" 200 3137
::1 - - [31/Aug/2017:12:56:00 -0700] "GET /t-mobile/dcp-api-swagger/api/ HTTP/1.1" 200 2329
::1 - - [31/Aug/2017:12:56:01 -0700] "GET /t-mobile/dcp-api-swagger/api/swagger/ HTTP/1.1" 200 2602
::1 - - [31/Aug/2017:12:56:04 -0700] "GET /t-mobile/dcp-api-swagger/api/swagger/v2/ HTTP/1.1" 200 6333
::1 - - [31/Aug/2017:12:56:05 -0700] "GET /t-mobile/dcp-api-swagger/api/swagger/v2/definitions/ HTTP/1.1" 200 2946
::1 - - [31/Aug/2017:13:21:57 -0700] "GET /t-mobile/dcp-api-swagger/api/swagger/v2/definitions/common/ HTTP/1.1" 200 5532
::1 - - [31/Aug/2017:13:21:59 -0700] "GET /t-mobile/dcp-api-swagger/api/swagger/v2/definitions/common/availability.json HTTP/1.1" 200 810
::1 - - [31/Aug/2017:13:23:04 -0700] "-" 408 -
::1 - - [31/Aug/2017:13:23:04 -0700] "-" 408 -
::1 - - [31/Aug/2017:13:24:32 -0700] "GET /t-mobile/dcp-api-swagger/api/ HTTP/1.1" 200 2210
::1 - - [31/Aug/2017:13:24:51 -0700] "GET /t-mobile/dcp-api-swagger/api/ HTTP/1.1" 200 2203
::1 - - [31/Aug/2017:13:24:53 -0700] "GET /t-mobile/dcp-api-swagger/api/ HTTP/1.1" 200 2203
::1 - - [31/Aug/2017:13:34:30 -0700] "GET /t-mobile/dcp-api-swagger/api/ HTTP/1.1" 200 2419
::1 - - [31/Aug/2017:13:35:49 -0700] "GET /t-mobile/dcp-api-swagger/api/ HTTP/1.1" 200 2442
::1 - - [31/Aug/2017:13:36:22 -0700] "GET /t-mobile/dcp-api-swagger/api/ HTTP/1.1" 200 2446
::1 - - [31/Aug/2017:13:41:30 -0700] "GET /t-mobile/dcp-api-swagger/api/ HTTP/1.1" 200 2644
::1 - - [31/Aug/2017:13:41:30 -0700] "GET /themes/apaxy/theme/images/swagger_editor_logo.png HTTP/1.1" 404 247
::1 - - [31/Aug/2017:13:41:30 -0700] "GET /themes/apaxy/theme/images/apache_logo.png HTTP/1.1" 200 5747
::1 - - [31/Aug/2017:13:43:35 -0700] "GET /t-mobile/dcp-api-swagger/api/ HTTP/1.1" 200 2777
::1 - - [31/Aug/2017:13:43:35 -0700] "GET /themes/apaxy/theme/images/swagger_editor_logo.png HTTP/1.1" 404 247
::1 - - [31/Aug/2017:13:44:14 -0700] "GET /t-mobile/dcp-api-swagger/api/ HTTP/1.1" 200 2777
::1 - - [31/Aug/2017:13:44:14 -0700] "GET /themes/apaxy/theme/images/apache-logo.png HTTP/1.1" 200 5747
::1 - - [31/Aug/2017:13:44:14 -0700] "GET /themes/apaxy/theme/images/swagger-editor-logo.png HTTP/1.1" 200 20999
::1 - - [31/Aug/2017:13:44:33 -0700] "GET /t-mobile/dcp-api-swagger/api/ HTTP/1.1" 200 2793
::1 - - [31/Aug/2017:13:44:34 -0700] "GET /t-mobile/dcp-api-swagger/api/ HTTP/1.1" 200 2793
::1 - - [31/Aug/2017:13:44:35 -0700] "GET /t-mobile/dcp-api-swagger/api/ HTTP/1.1" 200 2793
::1 - - [31/Aug/2017:13:44:35 -0700] "GET /t-mobile/dcp-api-swagger/api/ HTTP/1.1" 200 2793
::1 - - [31/Aug/2017:13:44:36 -0700] "GET /t-mobile/dcp-api-swagger/api/ HTTP/1.1" 200 2793
::1 - - [31/Aug/2017:13:44:56 -0700] "GET /t-mobile/dcp-api-swagger/api/ HTTP/1.1" 200 2792
::1 - - [31/Aug/2017:13:47:47 -0700] "GET /t-mobile/dcp-api-swagger/api/ HTTP/1.1" 200 2910
::1 - - [31/Aug/2017:13:48:19 -0700] "GET /t-mobile/dcp-api-swagger/api/ HTTP/1.1" 200 2919
::1 - - [31/Aug/2017:13:49:12 -0700] "GET /t-mobile/dcp-api-swagger/api/ HTTP/1.1" 200 2931
::1 - - [31/Aug/2017:13:49:40 -0700] "GET /t-mobile/dcp-api-swagger/api/ HTTP/1.1" 200 2947
::1 - - [31/Aug/2017:13:49:41 -0700] "GET /t-mobile/dcp-api-swagger/api/ HTTP/1.1" 200 2947
::1 - - [31/Aug/2017:13:49:41 -0700] "GET /t-mobile/dcp-api-swagger/api/ HTTP/1.1" 200 2947
::1 - - [31/Aug/2017:13:49:41 -0700] "GET /t-mobile/dcp-api-swagger/api/ HTTP/1.1" 200 2947
::1 - - [31/Aug/2017:13:49:42 -0700] "GET /t-mobile/dcp-api-swagger/api/ HTTP/1.1" 200 2947
::1 - - [31/Aug/2017:13:50:59 -0700] "GET /t-mobile/dcp-api-swagger/api/ HTTP/1.1" 200 2971
::1 - - [31/Aug/2017:13:51:00 -0700] "GET /t-mobile/dcp-api-swagger/api/ HTTP/1.1" 200 2971
::1 - - [31/Aug/2017:13:51:00 -0700] "GET /t-mobile/dcp-api-swagger/api/ HTTP/1.1" 200 2971
::1 - - [31/Aug/2017:13:51:00 -0700] "GET /t-mobile/dcp-api-swagger/api/ HTTP/1.1" 200 2971
::1 - - [31/Aug/2017:13:51:01 -0700] "GET /t-mobile/dcp-api-swagger/api/ HTTP/1.1" 200 2971
::1 - - [31/Aug/2017:13:51:23 -0700] "GET /t-mobile/dcp-api-swagger/api/ HTTP/1.1" 200 2963
::1 - - [31/Aug/2017:13:51:24 -0700] "GET /t-mobile/dcp-api-swagger/api/ HTTP/1.1" 200 2963
::1 - - [31/Aug/2017:13:51:25 -0700] "GET /t-mobile/dcp-api-swagger/api/ HTTP/1.1" 200 2963
::1 - - [31/Aug/2017:13:51:25 -0700] "GET /t-mobile/dcp-api-swagger/api/ HTTP/1.1" 200 2963
::1 - - [31/Aug/2017:13:51:38 -0700] "GET /t-mobile/dcp-api-swagger/api/ HTTP/1.1" 200 2977
::1 - - [31/Aug/2017:13:51:38 -0700] "GET /t-mobile/dcp-api-swagger/api/ HTTP/1.1" 200 2977
::1 - - [31/Aug/2017:13:51:39 -0700] "GET /t-mobile/dcp-api-swagger/api/ HTTP/1.1" 200 2977
::1 - - [31/Aug/2017:13:51:39 -0700] "GET /t-mobile/dcp-api-swagger/api/ HTTP/1.1" 200 2977
::1 - - [31/Aug/2017:13:51:39 -0700] "GET /t-mobile/dcp-api-swagger/api/ HTTP/1.1" 200 2977
::1 - - [31/Aug/2017:13:51:40 -0700] "GET /t-mobile/dcp-api-swagger/api/ HTTP/1.1" 200 2977
::1 - - [31/Aug/2017:13:51:40 -0700] "GET /t-mobile/dcp-api-swagger/api/ HTTP/1.1" 200 2977
::1 - - [31/Aug/2017:13:51:52 -0700] "GET /t-mobile/dcp-api-swagger/api/ HTTP/1.1" 200 2983
::1 - - [31/Aug/2017:13:51:52 -0700] "GET /t-mobile/dcp-api-swagger/api/ HTTP/1.1" 200 2983
::1 - - [31/Aug/2017:13:51:52 -0700] "GET /t-mobile/dcp-api-swagger/api/ HTTP/1.1" 200 2983
::1 - - [31/Aug/2017:13:51:53 -0700] "GET /t-mobile/dcp-api-swagger/api/ HTTP/1.1" 200 2983
::1 - - [31/Aug/2017:13:51:53 -0700] "GET /t-mobile/dcp-api-swagger/api/ HTTP/1.1" 200 2983
::1 - - [31/Aug/2017:13:51:53 -0700] "GET /t-mobile/dcp-api-swagger/api/ HTTP/1.1" 200 2983
::1 - - [31/Aug/2017:13:52:09 -0700] "GET /t-mobile/dcp-api-swagger/api/ HTTP/1.1" 200 2980
::1 - - [31/Aug/2017:13:52:09 -0700] "GET /t-mobile/dcp-api-swagger/api/ HTTP/1.1" 200 2980
::1 - - [31/Aug/2017:13:52:10 -0700] "GET /t-mobile/dcp-api-swagger/api/ HTTP/1.1" 200 2980
::1 - - [31/Aug/2017:13:52:10 -0700] "GET /t-mobile/dcp-api-swagger/api/ HTTP/1.1" 200 2980
::1 - - [31/Aug/2017:13:52:10 -0700] "GET /t-mobile/dcp-api-swagger/api/ HTTP/1.1" 200 2980
::1 - - [31/Aug/2017:13:52:26 -0700] "GET /t-mobile/dcp-api-swagger/api/ HTTP/1.1" 200 2983
::1 - - [31/Aug/2017:13:52:49 -0700] "GET /t-mobile/dcp-api-swagger/api/ HTTP/1.1" 200 3029
::1 - - [31/Aug/2017:13:54:35 -0700] "GET /t-mobile/dcp-api-swagger/api/ HTTP/1.1" 200 3030
::1 - - [31/Aug/2017:13:55:10 -0700] "GET /t-mobile/dcp-api-swagger/api/ HTTP/1.1" 200 3064
::1 - - [31/Aug/2017:13:55:11 -0700] "GET /t-mobile/dcp-api-swagger/api/ HTTP/1.1" 200 3064
::1 - - [31/Aug/2017:13:55:11 -0700] "GET /t-mobile/dcp-api-swagger/api/ HTTP/1.1" 200 3064
::1 - - [31/Aug/2017:13:55:52 -0700] "GET /t-mobile/dcp-api-swagger/api/ HTTP/1.1" 200 3030
::1 - - [31/Aug/2017:13:56:26 -0700] "GET /t-mobile/dcp-api-swagger/api/ HTTP/1.1" 200 3030
::1 - - [31/Aug/2017:13:58:37 -0700] "GET /t-mobile/dcp-api-swagger/api/ HTTP/1.1" 200 3028
::1 - - [31/Aug/2017:14:00:01 -0700] "GET /t-mobile/dcp-api-swagger/api/ HTTP/1.1" 200 3030
::1 - - [31/Aug/2017:14:00:18 -0700] "GET /t-mobile/dcp-api-swagger/api/ HTTP/1.1" 200 3030
::1 - - [31/Aug/2017:14:01:24 -0700] "GET /t-mobile/dcp-api-swagger/api/ HTTP/1.1" 200 3029
::1 - - [31/Aug/2017:14:01:53 -0700] "GET /t-mobile/dcp-api-swagger/api/ HTTP/1.1" 200 3031
::1 - - [31/Aug/2017:14:02:12 -0700] "GET /t-mobile/dcp-api-swagger/api/ HTTP/1.1" 200 2985
::1 - - [31/Aug/2017:14:02:46 -0700] "GET /t-mobile/dcp-api-swagger/api/ HTTP/1.1" 200 2962
::1 - - [31/Aug/2017:14:03:12 -0700] "GET /t-mobile/dcp-api-swagger/api/ HTTP/1.1" 200 2962
::1 - - [31/Aug/2017:14:03:31 -0700] "GET /t-mobile/dcp-api-swagger/api/ HTTP/1.1" 200 2939
::1 - - [31/Aug/2017:14:03:44 -0700] "GET /t-mobile/dcp-api-swagger/api/ HTTP/1.1" 200 2939
::1 - - [31/Aug/2017:14:03:45 -0700] "GET /t-mobile/dcp-api-swagger/api/ HTTP/1.1" 200 2939
::1 - - [31/Aug/2017:14:03:45 -0700] "GET /t-mobile/dcp-api-swagger/api/ HTTP/1.1" 200 2939
::1 - - [31/Aug/2017:14:03:54 -0700] "GET /t-mobile/dcp-api-swagger/api/ HTTP/1.1" 200 2939
::1 - - [31/Aug/2017:14:23:15 -0700] "GET /t-mobile/dcp-api-swagger/api/ HTTP/1.1" 200 2939
::1 - - [31/Aug/2017:14:23:16 -0700] "GET /t-mobile/dcp-api-swagger/api/ HTTP/1.1" 200 2939
::1 - - [31/Aug/2017:14:25:35 -0700] "GET /t-mobile/dcp-api-swagger/api/ HTTP/1.1" 200 2949
::1 - - [31/Aug/2017:14:27:43 -0700] "GET /t-mobile/dcp-api-swagger/api/ HTTP/1.1" 200 3066
::1 - - [31/Aug/2017:14:27:47 -0700] "GET /swagger-editor HTTP/1.1" 301 240
::1 - - [31/Aug/2017:14:27:48 -0700] "GET /t-mobile/dcp-api-swagger/api/swagger/v2/definitions/common/creditPrice.json HTTP/1.1" 304 -
::1 - - [31/Aug/2017:14:27:48 -0700] "GET /t-mobile/dcp-api-swagger/api/swagger/v2/definitions/common/errorDetailsResponse.json HTTP/1.1" 304 -
::1 - - [31/Aug/2017:14:27:48 -0700] "GET /t-mobile/dcp-api-swagger/api/swagger/v2/definitions/common/price.json HTTP/1.1" 304 -
::1 - - [31/Aug/2017:14:27:48 -0700] "GET /t-mobile/dcp-api-swagger/api/swagger/v2/definitions/common/listSalePrice.json HTTP/1.1" 304 -
::1 - - [31/Aug/2017:14:27:48 -0700] "GET /t-mobile/dcp-api-swagger/api/swagger/v2/definitions/common/promotion.json HTTP/1.1" 304 -
::1 - - [31/Aug/2017:14:27:48 -0700] "GET /t-mobile/dcp-api-swagger/api/swagger/v2/definitions/common/priceSummary.json HTTP/1.1" 304 -
::1 - - [31/Aug/2017:14:27:48 -0700] "GET /t-mobile/dcp-api-swagger/api/swagger/v2/definitions/common/deposit.json HTTP/1.1" 304 -
::1 - - [31/Aug/2017:14:27:48 -0700] "GET /t-mobile-swagger/definitions/common/availability.json HTTP/1.1" 404 251
::1 - - [31/Aug/2017:14:27:58 -0700] "GET /swagger-editor/ HTTP/1.1" 304 -
::1 - - [31/Aug/2017:14:27:59 -0700] "GET /swagger-editor/dist/favicon-32x32.png HTTP/1.1" 200 1141
::1 - - [31/Aug/2017:14:27:59 -0700] "GET /t-mobile-swagger/definitions/common/availability.json HTTP/1.1" 404 251
::1 - - [31/Aug/2017:14:28:20 -0700] "GET /t-mobile-swagger/definitions/common/availability.json HTTP/1.1" 404 251
::1 - - [31/Aug/2017:14:30:19 -0700] "GET /t-mobile/dcp-api-swagger/api/swagger/ HTTP/1.1" 200 3339
::1 - - [31/Aug/2017:14:30:21 -0700] "GET /t-mobile/dcp-api-swagger/api/swagger/v2/ HTTP/1.1" 200 7070
::1 - - [31/Aug/2017:14:30:25 -0700] "GET /t-mobile/dcp-api-swagger/api/swagger/v2/definitions/ HTTP/1.1" 200 3683
::1 - - [31/Aug/2017:14:30:27 -0700] "GET /t-mobile/dcp-api-swagger/api/swagger/v2/definitions/products/ HTTP/1.1" 200 3453
::1 - - [31/Aug/2017:14:32:06 -0700] "GET /t-mobile-swagger/definitions/common/availability.json HTTP/1.1" 404 251
::1 - - [31/Aug/2017:14:32:31 -0700] "GET /swagger-editor/ HTTP/1.1" 200 3540
::1 - - [31/Aug/2017:14:32:32 -0700] "GET /swagger-editor/dist/swagger-editor.css HTTP/1.1" 200 30486
::1 - - [31/Aug/2017:14:32:32 -0700] "GET /swagger-editor/dist/swagger-editor-standalone-preset.js HTTP/1.1" 200 549254
::1 - - [31/Aug/2017:14:32:32 -0700] "GET /swagger-editor/dist/swagger-editor-bundle.js HTTP/1.1" 200 2310744
::1 - - [31/Aug/2017:14:32:33 -0700] "GET /t-mobile/dcp-api-swagger/api/swagger/v2/definitions/common/creditPrice.json HTTP/1.1" 200 405
::1 - - [31/Aug/2017:14:32:33 -0700] "GET /t-mobile/dcp-api-swagger/api/swagger/v2/definitions/common/errorDetailsResponse.json HTTP/1.1" 200 342
::1 - - [31/Aug/2017:14:32:33 -0700] "GET /t-mobile/dcp-api-swagger/api/swagger/v2/definitions/common/errors.json HTTP/1.1" 200 319
::1 - - [31/Aug/2017:14:32:33 -0700] "GET /t-mobile/dcp-api-swagger/api/swagger/v2/definitions/common/listSalePrice.json HTTP/1.1" 200 311
::1 - - [31/Aug/2017:14:32:33 -0700] "GET /t-mobile/dcp-api-swagger/api/swagger/v2/definitions/common/priceSummary.json HTTP/1.1" 200 376
::1 - - [31/Aug/2017:14:32:33 -0700] "GET /t-mobile/dcp-api-swagger/api/swagger/v2/definitions/common/status.json HTTP/1.1" 200 179
::1 - - [31/Aug/2017:14:32:33 -0700] "GET /t-mobile/dcp-api-swagger/api/swagger/v2/definitions/products/sku.json HTTP/1.1" 200 5725
::1 - - [31/Aug/2017:14:32:33 -0700] "GET /t-mobile/dcp-api-swagger/api/swagger/v2/definitions/common/price.json HTTP/1.1" 200 1082
::1 - - [31/Aug/2017:14:32:33 -0700] "GET /t-mobile/dcp-api-swagger/api/swagger/v2/definitions/products/product.json HTTP/1.1" 200 6707
::1 - - [31/Aug/2017:14:32:33 -0700] "GET /t-mobile/dcp-api-swagger/api/swagger/v2/definitions/common/promotion.json HTTP/1.1" 200 758
::1 - - [31/Aug/2017:14:32:33 -0700] "GET /swagger-editor/dist/favicon-32x32.png HTTP/1.1" 200 1141
::1 - - [31/Aug/2017:14:32:33 -0700] "GET /t-mobile/dcp-api-swagger/api/swagger/v2/definitions/common/monetaryValue.json HTTP/1.1" 200 815
::1 - - [31/Aug/2017:14:32:33 -0700] "GET /swagger-editor/dist/favicon-16x16.png HTTP/1.1" 200 445
::1 - - [31/Aug/2017:14:32:33 -0700] "GET /t-mobile/dcp-api-swagger/api/swagger/v2/definitions/common/deposit.json HTTP/1.1" 200 438
::1 - - [31/Aug/2017:14:32:33 -0700] "GET /t-mobile/dcp-api-swagger/api/swagger/v2/definitions/common/availability.json HTTP/1.1" 200 810
::1 - - [31/Aug/2017:14:33:50 -0700] "GET /t-mobile/ HTTP/1.1" 200 3020
::1 - - [31/Aug/2017:14:33:50 -0700] "GET /themes/apaxy/theme/icons/blank.png HTTP/1.1" 200 227
::1 - - [31/Aug/2017:14:33:50 -0700] "GET /themes/apaxy/theme/style.css HTTP/1.1" 200 2334
::1 - - [31/Aug/2017:14:33:50 -0700] "GET /themes/apaxy/theme/icons/folder.png HTTP/1.1" 200 395
::1 - - [31/Aug/2017:14:33:50 -0700] "GET /themes/apaxy/theme/images/swagger-editor-logo.png HTTP/1.1" 200 20999
::1 - - [31/Aug/2017:14:33:50 -0700] "GET /themes/apaxy/theme/images/apache-logo.png HTTP/1.1" 200 5747
::1 - - [31/Aug/2017:14:33:50 -0700] "GET /favicon.ico HTTP/1.1" 404 209
::1 - - [31/Aug/2017:14:33:55 -0700] "GET /t-mobile/dcp-api-swagger/ HTTP/1.1" 200 3874
::1 - - [31/Aug/2017:14:33:55 -0700] "GET /themes/apaxy/theme/icons/default.png HTTP/1.1" 200 311
::1 - - [31/Aug/2017:14:33:57 -0700] "GET /t-mobile/dcp-api-swagger/api/ HTTP/1.1" 200 3066
::1 - - [31/Aug/2017:14:33:58 -0700] "GET /t-mobile/dcp-api-swagger/api/swagger/ HTTP/1.1" 200 3339
::1 - - [31/Aug/2017:14:33:59 -0700] "GET /t-mobile/dcp-api-swagger/api/swagger/v2/ HTTP/1.1" 200 7070
::1 - - [31/Aug/2017:14:34:18 -0700] "GET /t-mobile/dcp-api-swagger/api/swagger/v2/definitions/ HTTP/1.1" 200 3683
::1 - - [31/Aug/2017:16:51:33 -0700] "GET /t-mobile HTTP/1.1" 404 206
::1 - - [31/Aug/2017:16:51:33 -0700] "GET /favicon.ico HTTP/1.1" 404 209
::1 - - [31/Aug/2017:16:51:35 -0700] "GET /t-mobile HTTP/1.1" 404 206
::1 - - [31/Aug/2017:16:51:35 -0700] "GET /t-mobile HTTP/1.1" 404 206
::1 - - [31/Aug/2017:16:51:45 -0700] "GET / HTTP/1.1" 200 46
::1 - - [31/Aug/2017:16:52:45 -0700] "-" 408 -
::1 - - [31/Aug/2017:16:52:45 -0700] "-" 408 -
::1 - - [31/Aug/2017:16:53:01 -0700] "GET /t-mobile HTTP/1.1" 301 234
::1 - - [31/Aug/2017:16:53:01 -0700] "GET /t-mobile/ HTTP/1.1" 200 3020
::1 - - [31/Aug/2017:16:53:04 -0700] "GET /t-mobile/dcp-api-swagger/ HTTP/1.1" 200 3874
::1 - - [31/Aug/2017:16:53:05 -0700] "GET /t-mobile/dcp-api-swagger/api/ HTTP/1.1" 200 3066
::1 - - [31/Aug/2017:16:53:06 -0700] "GET /t-mobile/dcp-api-swagger/api/swagger/ HTTP/1.1" 200 3339
::1 - - [31/Aug/2017:16:53:07 -0700] "GET /t-mobile/dcp-api-swagger/api/swagger/v2/ HTTP/1.1" 200 7070
::1 - - [31/Aug/2017:16:53:32 -0700] "GET /swagger-editor HTTP/1.1" 301 240
::1 - - [31/Aug/2017:16:53:33 -0700] "GET /t-mobile/dcp-api-swagger/api/swagger/v2/definitions/common/creditPrice.json HTTP/1.1" 304 -
::1 - - [31/Aug/2017:16:53:34 -0700] "GET /t-mobile/dcp-api-swagger/api/swagger/v2/definitions/common/errorDetailsResponse.json HTTP/1.1" 304 -
::1 - - [31/Aug/2017:16:53:34 -0700] "GET /t-mobile/dcp-api-swagger/api/swagger/v2/definitions/common/price.json HTTP/1.1" 304 -
::1 - - [31/Aug/2017:16:53:34 -0700] "GET /t-mobile/dcp-api-swagger/api/swagger/v2/definitions/common/promotion.json HTTP/1.1" 304 -
::1 - - [31/Aug/2017:16:53:34 -0700] "GET /t-mobile/dcp-api-swagger/api/swagger/v2/definitions/common/priceSummary.json HTTP/1.1" 304 -
::1 - - [31/Aug/2017:16:53:34 -0700] "GET /t-mobile/dcp-api-swagger/api/swagger/v2/definitions/common/listSalePrice.json HTTP/1.1" 304 -
::1 - - [31/Aug/2017:16:53:34 -0700] "GET /t-mobile/dcp-api-swagger/api/swagger/v2/definitions/products/product.json HTTP/1.1" 304 -
::1 - - [31/Aug/2017:16:53:34 -0700] "GET /t-mobile/dcp-api-swagger/api/swagger/v2/definitions/products/sku.json HTTP/1.1" 304 -
::1 - - [31/Aug/2017:16:53:34 -0700] "GET /t-mobile/dcp-api-swagger/api/swagger/v2/definitions/common/deposit.json HTTP/1.1" 304 -
::1 - - [31/Aug/2017:16:53:40 -0700] "GET /t-mobile/dcp-api-swagger/api/swagger/v2/definitions/ HTTP/1.1" 200 3683
::1 - - [31/Aug/2017:18:22:02 -0700] "GET /t-mobile/ HTTP/1.1" 200 3020
::1 - - [31/Aug/2017:18:27:50 -0700] "GET /t-mobile/dcp-api-swagger/api/swagger/v2/definitions/common/promotion.json HTTP/1.1" 304 -
::1 - - [31/Aug/2017:18:27:50 -0700] "GET /t-mobile/dcp-api-swagger/api/swagger/v2/definitions/common/price.json HTTP/1.1" 304 -
::1 - - [31/Aug/2017:18:27:50 -0700] "GET /t-mobile/dcp-api-swagger/api/swagger/v2/definitions/common/priceSummary.json HTTP/1.1" 304 -
::1 - - [31/Aug/2017:18:27:50 -0700] "GET /t-mobile/dcp-api-swagger/api/swagger/v2/definitions/common/listSalePrice.json HTTP/1.1" 304 -
::1 - - [31/Aug/2017:18:27:50 -0700] "GET /t-mobile/dcp-api-swagger/api/swagger/v2/definitions/common/creditPrice.json HTTP/1.1" 304 -
::1 - - [31/Aug/2017:18:27:50 -0700] "GET /t-mobile/dcp-api-swagger/api/swagger/v2/definitions/common/errorDetailsResponse.json HTTP/1.1" 304 -
::1 - - [31/Aug/2017:18:27:50 -0700] "GET /t-mobile/dcp-api-swagger/api/swagger/v2/definitions/products/product.json HTTP/1.1" 304 -
::1 - - [31/Aug/2017:18:27:50 -0700] "GET /t-mobile/dcp-api-swagger/api/swagger/v2/definitions/products/sku.json HTTP/1.1" 304 -
::1 - - [31/Aug/2017:18:27:50 -0700] "GET /t-mobile/dcp-api-swagger/api/swagger/v2/definitions/common/deposit.json HTTP/1.1" 304 -
::1 - - [31/Aug/2017:18:36:05 -0700] "GET /t-mobile/ HTTP/1.1" 200 3020
::1 - - [31/Aug/2017:18:36:14 -0700] "GET /t-mobile/ HTTP/1.1" 200 3020
::1 - - [31/Aug/2017:18:52:15 -0700] "GET /swagger-editor. HTTP/1.1" 404 213
::1 - - [31/Aug/2017:18:52:28 -0700] "GET /t-mobile/ HTTP/1.1" 200 3020
::1 - - [31/Aug/2017:18:53:27 -0700] "GET /t-mobile/dcp-api-swagger/api/swagger/v2/definitions/products/sku.json HTTP/1.1" 304 -
::1 - - [31/Aug/2017:18:54:03 -0700] "GET /work/ HTTP/1.1" 404 203
::1 - - [31/Aug/2017:18:54:19 -0700] "GET /t-mobile/ HTTP/1.1" 200 3020
::1 - - [31/Aug/2017:18:54:22 -0700] "GET /t-mobile/dcp-api-swagger/ HTTP/1.1" 200 3874
::1 - - [31/Aug/2017:18:54:32 -0700] "GET /t-mobile/dcp-api-swagger/README.md HTTP/1.1" 200 209
::1 - - [31/Aug/2017:18:54:38 -0700] "GET /t-mobile/dcp-api-swagger/api/ HTTP/1.1" 200 3066
::1 - - [31/Aug/2017:18:54:39 -0700] "GET /t-mobile/dcp-api-swagger/api/swagger/ HTTP/1.1" 200 3339
::1 - - [31/Aug/2017:18:54:40 -0700] "GET /t-mobile/dcp-api-swagger/api/swagger/v2/ HTTP/1.1" 200 7070
::1 - - [31/Aug/2017:18:54:42 -0700] "GET /t-mobile/dcp-api-swagger/api/swagger/v2/definitions/ HTTP/1.1" 200 3683
::1 - - [31/Aug/2017:18:54:45 -0700] "GET /t-mobile/dcp-api-swagger/api/swagger/v2/definitions/common/ HTTP/1.1" 200 6269
