AH00558: httpd.exe: Could not reliably determine the server's fully qualified domain name, using fe80::b070:20e2:d9a1:5b1c. Set the 'ServerName' directive globally to suppress this message
[Tue Aug 22 17:31:35.656992 2017] [mpm_winnt:notice] [pid 56608:tid 728] AH00455: Apache/2.4.27 (Win64) configured -- resuming normal operations
[Tue Aug 22 17:31:35.657989 2017] [mpm_winnt:notice] [pid 56608:tid 728] AH00456: Apache Lounge VC15 Server built: Jul  7 2017 12:46:00
[Tue Aug 22 17:31:35.657989 2017] [core:notice] [pid 56608:tid 728] AH00094: Command line: 'C:\\Program Files\\Apache Software Foundation\\Apache 2.4\\bin\\httpd.exe -d C:/Program Files/Apache Software Foundation/Apache 2.4'
[Tue Aug 22 17:31:35.660977 2017] [mpm_winnt:notice] [pid 56608:tid 728] AH00418: Parent: Created child process 31860
AH00558: httpd.exe: Could not reliably determine the server's fully qualified domain name, using fe80::b070:20e2:d9a1:5b1c. Set the 'ServerName' directive globally to suppress this message
AH00558: httpd.exe: Could not reliably determine the server's fully qualified domain name, using fe80::b070:20e2:d9a1:5b1c. Set the 'ServerName' directive globally to suppress this message
[Tue Aug 22 17:31:36.715314 2017] [mpm_winnt:notice] [pid 31860:tid 700] AH00354: Child: Starting 64 worker threads.
[Tue Aug 22 18:08:27.564002 2017] [mpm_winnt:notice] [pid 56608:tid 728] AH00422: Parent: Received shutdown signal -- Shutting down the server.
[Tue Aug 22 18:08:29.564760 2017] [mpm_winnt:notice] [pid 31860:tid 700] AH00364: Child: All worker threads have exited.
[Tue Aug 22 18:08:29.580162 2017] [mpm_winnt:notice] [pid 56608:tid 728] AH00430: Parent: Child process 31860 exited successfully.
AH00558: httpd.exe: Could not reliably determine the server's fully qualified domain name, using fe80::b070:20e2:d9a1:5b1c. Set the 'ServerName' directive globally to suppress this message
[Tue Aug 22 18:08:34.668432 2017] [mpm_winnt:notice] [pid 46996:tid 744] AH00455: Apache/2.4.27 (Win64) configured -- resuming normal operations
[Tue Aug 22 18:08:34.668933 2017] [mpm_winnt:notice] [pid 46996:tid 744] AH00456: Apache Lounge VC15 Server built: Jul  7 2017 12:46:00
[Tue Aug 22 18:08:34.668933 2017] [core:notice] [pid 46996:tid 744] AH00094: Command line: 'C:\\Program Files\\Apache Software Foundation\\Apache 2.4\\bin\\httpd.exe -d C:/Program Files/Apache Software Foundation/Apache 2.4'
[Tue Aug 22 18:08:34.670971 2017] [mpm_winnt:notice] [pid 46996:tid 744] AH00418: Parent: Created child process 23284
AH00558: httpd.exe: Could not reliably determine the server's fully qualified domain name, using fe80::b070:20e2:d9a1:5b1c. Set the 'ServerName' directive globally to suppress this message
AH00558: httpd.exe: Could not reliably determine the server's fully qualified domain name, using fe80::b070:20e2:d9a1:5b1c. Set the 'ServerName' directive globally to suppress this message
[Tue Aug 22 18:08:35.705954 2017] [mpm_winnt:notice] [pid 23284:tid 724] AH00354: Child: Starting 64 worker threads.
[Tue Aug 22 18:08:51.596537 2017] [authz_core:error] [pid 23284:tid 1216] [client ::1:59644] AH01630: client denied by server configuration: C:/swagger-editor-3.1.3
[Tue Aug 22 18:08:55.943424 2017] [authz_core:error] [pid 23284:tid 1216] [client ::1:59644] AH01630: client denied by server configuration: C:/swagger-editor-3.1.3
[Tue Aug 22 18:11:15.501559 2017] [mpm_winnt:notice] [pid 46996:tid 744] AH00422: Parent: Received shutdown signal -- Shutting down the server.
[Tue Aug 22 18:11:17.502385 2017] [mpm_winnt:notice] [pid 23284:tid 724] AH00364: Child: All worker threads have exited.
[Tue Aug 22 18:11:17.517531 2017] [mpm_winnt:notice] [pid 46996:tid 744] AH00430: Parent: Child process 23284 exited successfully.
AH00558: httpd.exe: Could not reliably determine the server's fully qualified domain name, using fe80::b070:20e2:d9a1:5b1c. Set the 'ServerName' directive globally to suppress this message
[Tue Aug 22 18:11:19.058149 2017] [mpm_winnt:notice] [pid 13064:tid 744] AH00455: Apache/2.4.27 (Win64) configured -- resuming normal operations
[Tue Aug 22 18:11:19.059152 2017] [mpm_winnt:notice] [pid 13064:tid 744] AH00456: Apache Lounge VC15 Server built: Jul  7 2017 12:46:00
[Tue Aug 22 18:11:19.059152 2017] [core:notice] [pid 13064:tid 744] AH00094: Command line: 'C:\\Program Files\\Apache Software Foundation\\Apache 2.4\\bin\\httpd.exe -d C:/Program Files/Apache Software Foundation/Apache 2.4'
[Tue Aug 22 18:11:19.061186 2017] [mpm_winnt:notice] [pid 13064:tid 744] AH00418: Parent: Created child process 5424
AH00558: httpd.exe: Could not reliably determine the server's fully qualified domain name, using fe80::b070:20e2:d9a1:5b1c. Set the 'ServerName' directive globally to suppress this message
AH00558: httpd.exe: Could not reliably determine the server's fully qualified domain name, using fe80::b070:20e2:d9a1:5b1c. Set the 'ServerName' directive globally to suppress this message
[Tue Aug 22 18:11:20.085387 2017] [mpm_winnt:notice] [pid 5424:tid 736] AH00354: Child: Starting 64 worker threads.
[Tue Aug 22 18:15:38.866532 2017] [mpm_winnt:notice] [pid 13064:tid 744] AH00422: Parent: Received shutdown signal -- Shutting down the server.
[Tue Aug 22 18:15:44.680422 2017] [mpm_winnt:notice] [pid 5424:tid 736] AH00364: Child: All worker threads have exited.
[Tue Aug 22 18:15:44.695784 2017] [mpm_winnt:notice] [pid 13064:tid 744] AH00430: Parent: Child process 5424 exited successfully.
AH00558: httpd.exe: Could not reliably determine the server's fully qualified domain name, using fe80::b070:20e2:d9a1:5b1c. Set the 'ServerName' directive globally to suppress this message
[Tue Aug 22 18:15:46.094114 2017] [mpm_winnt:notice] [pid 45604:tid 712] AH00455: Apache/2.4.27 (Win64) configured -- resuming normal operations
[Tue Aug 22 18:15:46.095116 2017] [mpm_winnt:notice] [pid 45604:tid 712] AH00456: Apache Lounge VC15 Server built: Jul  7 2017 12:46:00
[Tue Aug 22 18:15:46.095116 2017] [core:notice] [pid 45604:tid 712] AH00094: Command line: 'C:\\Program Files\\Apache Software Foundation\\Apache 2.4\\bin\\httpd.exe -d C:/Program Files/Apache Software Foundation/Apache 2.4'
[Tue Aug 22 18:15:46.097122 2017] [mpm_winnt:notice] [pid 45604:tid 712] AH00418: Parent: Created child process 53732
AH00558: httpd.exe: Could not reliably determine the server's fully qualified domain name, using fe80::b070:20e2:d9a1:5b1c. Set the 'ServerName' directive globally to suppress this message
AH00558: httpd.exe: Could not reliably determine the server's fully qualified domain name, using fe80::b070:20e2:d9a1:5b1c. Set the 'ServerName' directive globally to suppress this message
[Tue Aug 22 18:15:47.153390 2017] [mpm_winnt:notice] [pid 53732:tid 664] AH00354: Child: Starting 64 worker threads.
[Tue Aug 22 18:16:01.788777 2017] [autoindex:error] [pid 53732:tid 1176] [client ::1:59769] AH01276: Cannot serve directory F:/Work/T-Mobile/Notes/projects/Swagger-Updates-v2.2-Product/Swagger/: No matching DirectoryIndex (index.html) found, and server-generated directory index forbidden by Options directive
[Tue Aug 22 18:17:12.784148 2017] [autoindex:error] [pid 53732:tid 1172] [client ::1:59795] AH01276: Cannot serve directory F:/Work/T-Mobile/Notes/projects/Swagger-Updates-v2.2-Product/Swagger/: No matching DirectoryIndex (index.html) found, and server-generated directory index forbidden by Options directive
[Tue Aug 22 18:17:14.391515 2017] [autoindex:error] [pid 53732:tid 1172] [client ::1:59795] AH01276: Cannot serve directory F:/Work/T-Mobile/Notes/projects/Swagger-Updates-v2.2-Product/Swagger/: No matching DirectoryIndex (index.html) found, and server-generated directory index forbidden by Options directive
[Tue Aug 22 18:17:14.887696 2017] [autoindex:error] [pid 53732:tid 1172] [client ::1:59795] AH01276: Cannot serve directory F:/Work/T-Mobile/Notes/projects/Swagger-Updates-v2.2-Product/Swagger/: No matching DirectoryIndex (index.html) found, and server-generated directory index forbidden by Options directive
[Tue Aug 22 18:17:15.138170 2017] [autoindex:error] [pid 53732:tid 1172] [client ::1:59795] AH01276: Cannot serve directory F:/Work/T-Mobile/Notes/projects/Swagger-Updates-v2.2-Product/Swagger/: No matching DirectoryIndex (index.html) found, and server-generated directory index forbidden by Options directive
[Tue Aug 22 18:17:15.371884 2017] [autoindex:error] [pid 53732:tid 1172] [client ::1:59795] AH01276: Cannot serve directory F:/Work/T-Mobile/Notes/projects/Swagger-Updates-v2.2-Product/Swagger/: No matching DirectoryIndex (index.html) found, and server-generated directory index forbidden by Options directive
[Tue Aug 22 18:19:34.303615 2017] [mpm_winnt:notice] [pid 45604:tid 712] AH00422: Parent: Received shutdown signal -- Shutting down the server.
[Tue Aug 22 18:19:36.305153 2017] [mpm_winnt:notice] [pid 53732:tid 664] AH00364: Child: All worker threads have exited.
[Tue Aug 22 18:19:36.319961 2017] [mpm_winnt:notice] [pid 45604:tid 712] AH00430: Parent: Child process 53732 exited successfully.
AH00558: httpd.exe: Could not reliably determine the server's fully qualified domain name, using fe80::b070:20e2:d9a1:5b1c. Set the 'ServerName' directive globally to suppress this message
[Tue Aug 22 18:19:38.001329 2017] [mpm_winnt:notice] [pid 39108:tid 732] AH00455: Apache/2.4.27 (Win64) configured -- resuming normal operations
[Tue Aug 22 18:19:38.002358 2017] [mpm_winnt:notice] [pid 39108:tid 732] AH00456: Apache Lounge VC15 Server built: Jul  7 2017 12:46:00
[Tue Aug 22 18:19:38.002358 2017] [core:notice] [pid 39108:tid 732] AH00094: Command line: 'C:\\Program Files\\Apache Software Foundation\\Apache 2.4\\bin\\httpd.exe -d C:/Program Files/Apache Software Foundation/Apache 2.4'
[Tue Aug 22 18:19:38.004838 2017] [mpm_winnt:notice] [pid 39108:tid 732] AH00418: Parent: Created child process 37512
AH00558: httpd.exe: Could not reliably determine the server's fully qualified domain name, using fe80::b070:20e2:d9a1:5b1c. Set the 'ServerName' directive globally to suppress this message
AH00558: httpd.exe: Could not reliably determine the server's fully qualified domain name, using fe80::b070:20e2:d9a1:5b1c. Set the 'ServerName' directive globally to suppress this message
[Tue Aug 22 18:19:39.151127 2017] [mpm_winnt:notice] [pid 37512:tid 728] AH00354: Child: Starting 64 worker threads.
[Tue Aug 22 18:33:42.658081 2017] [mpm_winnt:notice] [pid 39108:tid 732] AH00422: Parent: Received shutdown signal -- Shutting down the server.
[Tue Aug 22 18:33:44.660130 2017] [mpm_winnt:notice] [pid 37512:tid 728] AH00364: Child: All worker threads have exited.
[Tue Aug 22 18:33:44.675323 2017] [mpm_winnt:notice] [pid 39108:tid 732] AH00430: Parent: Child process 37512 exited successfully.
AH00558: httpd.exe: Could not reliably determine the server's fully qualified domain name, using fe80::b070:20e2:d9a1:5b1c. Set the 'ServerName' directive globally to suppress this message
[Tue Aug 22 18:44:12.200838 2017] [mpm_winnt:notice] [pid 41400:tid 700] AH00455: Apache/2.4.27 (Win64) configured -- resuming normal operations
[Tue Aug 22 18:44:12.201837 2017] [mpm_winnt:notice] [pid 41400:tid 700] AH00456: Apache Lounge VC15 Server built: Jul  7 2017 12:46:00
[Tue Aug 22 18:44:12.201837 2017] [core:notice] [pid 41400:tid 700] AH00094: Command line: 'C:\\Program Files\\Apache Software Foundation\\Apache 2.4\\bin\\httpd.exe -d C:/Program Files/Apache Software Foundation/Apache 2.4'
[Tue Aug 22 18:44:12.203342 2017] [mpm_winnt:notice] [pid 41400:tid 700] AH00418: Parent: Created child process 6432
AH00558: httpd.exe: Could not reliably determine the server's fully qualified domain name, using fe80::b070:20e2:d9a1:5b1c. Set the 'ServerName' directive globally to suppress this message
AH00558: httpd.exe: Could not reliably determine the server's fully qualified domain name, using fe80::b070:20e2:d9a1:5b1c. Set the 'ServerName' directive globally to suppress this message
[Tue Aug 22 18:44:13.254051 2017] [mpm_winnt:notice] [pid 6432:tid 660] AH00354: Child: Starting 64 worker threads.
[Tue Aug 22 18:51:38.021179 2017] [mpm_winnt:notice] [pid 41400:tid 700] AH00422: Parent: Received shutdown signal -- Shutting down the server.
[Tue Aug 22 18:51:40.022294 2017] [mpm_winnt:notice] [pid 6432:tid 660] AH00364: Child: All worker threads have exited.
[Tue Aug 22 18:51:40.036295 2017] [mpm_winnt:notice] [pid 41400:tid 700] AH00430: Parent: Child process 6432 exited successfully.
AH00558: httpd.exe: Could not reliably determine the server's fully qualified domain name, using fe80::b070:20e2:d9a1:5b1c. Set the 'ServerName' directive globally to suppress this message
[Tue Aug 22 18:51:41.622368 2017] [mpm_winnt:notice] [pid 17580:tid 724] AH00455: Apache/2.4.27 (Win64) configured -- resuming normal operations
[Tue Aug 22 18:51:41.622869 2017] [mpm_winnt:notice] [pid 17580:tid 724] AH00456: Apache Lounge VC15 Server built: Jul  7 2017 12:46:00
[Tue Aug 22 18:51:41.622869 2017] [core:notice] [pid 17580:tid 724] AH00094: Command line: 'C:\\Program Files\\Apache Software Foundation\\Apache 2.4\\bin\\httpd.exe -d C:/Program Files/Apache Software Foundation/Apache 2.4'
[Tue Aug 22 18:51:41.624875 2017] [mpm_winnt:notice] [pid 17580:tid 724] AH00418: Parent: Created child process 27780
AH00558: httpd.exe: Could not reliably determine the server's fully qualified domain name, using fe80::b070:20e2:d9a1:5b1c. Set the 'ServerName' directive globally to suppress this message
AH00558: httpd.exe: Could not reliably determine the server's fully qualified domain name, using fe80::b070:20e2:d9a1:5b1c. Set the 'ServerName' directive globally to suppress this message
[Tue Aug 22 18:51:42.676765 2017] [mpm_winnt:notice] [pid 27780:tid 676] AH00354: Child: Starting 64 worker threads.
[Tue Aug 22 18:53:10.695498 2017] [mpm_winnt:notice] [pid 17580:tid 724] AH00422: Parent: Received shutdown signal -- Shutting down the server.
[Tue Aug 22 18:53:22.831280 2017] [mpm_winnt:notice] [pid 27780:tid 676] AH00364: Child: All worker threads have exited.
[Tue Aug 22 18:53:22.846979 2017] [mpm_winnt:notice] [pid 17580:tid 724] AH00430: Parent: Child process 27780 exited successfully.
AH00558: httpd.exe: Could not reliably determine the server's fully qualified domain name, using fe80::b070:20e2:d9a1:5b1c. Set the 'ServerName' directive globally to suppress this message
[Tue Aug 22 18:53:24.156518 2017] [mpm_winnt:notice] [pid 40600:tid 760] AH00455: Apache/2.4.27 (Win64) configured -- resuming normal operations
[Tue Aug 22 18:53:24.157521 2017] [mpm_winnt:notice] [pid 40600:tid 760] AH00456: Apache Lounge VC15 Server built: Jul  7 2017 12:46:00
[Tue Aug 22 18:53:24.157521 2017] [core:notice] [pid 40600:tid 760] AH00094: Command line: 'C:\\Program Files\\Apache Software Foundation\\Apache 2.4\\bin\\httpd.exe -d C:/Program Files/Apache Software Foundation/Apache 2.4'
[Tue Aug 22 18:53:24.160030 2017] [mpm_winnt:notice] [pid 40600:tid 760] AH00418: Parent: Created child process 5052
AH00558: httpd.exe: Could not reliably determine the server's fully qualified domain name, using fe80::b070:20e2:d9a1:5b1c. Set the 'ServerName' directive globally to suppress this message
AH00558: httpd.exe: Could not reliably determine the server's fully qualified domain name, using fe80::b070:20e2:d9a1:5b1c. Set the 'ServerName' directive globally to suppress this message
[Tue Aug 22 18:53:25.325200 2017] [mpm_winnt:notice] [pid 5052:tid 684] AH00354: Child: Starting 64 worker threads.
[Tue Aug 22 18:55:08.164415 2017] [mpm_winnt:notice] [pid 40600:tid 760] AH00422: Parent: Received shutdown signal -- Shutting down the server.
[Tue Aug 22 18:55:10.165396 2017] [mpm_winnt:notice] [pid 5052:tid 684] AH00364: Child: All worker threads have exited.
[Tue Aug 22 18:55:10.180693 2017] [mpm_winnt:notice] [pid 40600:tid 760] AH00430: Parent: Child process 5052 exited successfully.
AH00558: httpd.exe: Could not reliably determine the server's fully qualified domain name, using fe80::b070:20e2:d9a1:5b1c. Set the 'ServerName' directive globally to suppress this message
[Tue Aug 22 18:55:11.776666 2017] [mpm_winnt:notice] [pid 48856:tid 724] AH00455: Apache/2.4.27 (Win64) configured -- resuming normal operations
[Tue Aug 22 18:55:11.777667 2017] [mpm_winnt:notice] [pid 48856:tid 724] AH00456: Apache Lounge VC15 Server built: Jul  7 2017 12:46:00
[Tue Aug 22 18:55:11.777667 2017] [core:notice] [pid 48856:tid 724] AH00094: Command line: 'C:\\Program Files\\Apache Software Foundation\\Apache 2.4\\bin\\httpd.exe -d C:/Program Files/Apache Software Foundation/Apache 2.4'
[Tue Aug 22 18:55:11.779705 2017] [mpm_winnt:notice] [pid 48856:tid 724] AH00418: Parent: Created child process 57216
AH00558: httpd.exe: Could not reliably determine the server's fully qualified domain name, using fe80::b070:20e2:d9a1:5b1c. Set the 'ServerName' directive globally to suppress this message
AH00558: httpd.exe: Could not reliably determine the server's fully qualified domain name, using fe80::b070:20e2:d9a1:5b1c. Set the 'ServerName' directive globally to suppress this message
[Tue Aug 22 18:55:12.829644 2017] [mpm_winnt:notice] [pid 57216:tid 704] AH00354: Child: Starting 64 worker threads.
AH00558: httpd.exe: Could not reliably determine the server's fully qualified domain name, using fe80::55dc:99ce:d2:f067. Set the 'ServerName' directive globally to suppress this message
[Wed Aug 23 13:19:56.345154 2017] [core:warn] [pid 3848:tid 460] AH00098: pid file C:/Program Files/Apache Software Foundation/Apache 2.4/logs/httpd.pid overwritten -- Unclean shutdown of previous Apache run?
[Wed Aug 23 13:19:56.345154 2017] [mpm_winnt:notice] [pid 3848:tid 460] AH00455: Apache/2.4.27 (Win64) configured -- resuming normal operations
[Wed Aug 23 13:19:56.345154 2017] [mpm_winnt:notice] [pid 3848:tid 460] AH00456: Apache Lounge VC15 Server built: Jul  7 2017 12:46:00
[Wed Aug 23 13:19:56.345154 2017] [core:notice] [pid 3848:tid 460] AH00094: Command line: 'C:\\Program Files\\Apache Software Foundation\\Apache 2.4\\bin\\httpd.exe -d C:/Program Files/Apache Software Foundation/Apache 2.4'
[Wed Aug 23 13:19:56.345154 2017] [mpm_winnt:notice] [pid 3848:tid 460] AH00418: Parent: Created child process 7272
AH00558: httpd.exe: Could not reliably determine the server's fully qualified domain name, using fe80::55dc:99ce:d2:f067. Set the 'ServerName' directive globally to suppress this message
AH00558: httpd.exe: Could not reliably determine the server's fully qualified domain name, using fe80::55dc:99ce:d2:f067. Set the 'ServerName' directive globally to suppress this message
[Wed Aug 23 13:19:56.761783 2017] [mpm_winnt:notice] [pid 7272:tid 664] AH00354: Child: Starting 64 worker threads.
AH00558: httpd.exe: Could not reliably determine the server's fully qualified domain name, using fe80::55dc:99ce:d2:f067. Set the 'ServerName' directive globally to suppress this message
[Fri Aug 25 11:40:12.024956 2017] [core:warn] [pid 3956:tid 844] AH00098: pid file C:/Program Files/Apache Software Foundation/Apache 2.4/logs/httpd.pid overwritten -- Unclean shutdown of previous Apache run?
[Fri Aug 25 11:40:12.024956 2017] [mpm_winnt:notice] [pid 3956:tid 844] AH00455: Apache/2.4.27 (Win64) configured -- resuming normal operations
[Fri Aug 25 11:40:12.024956 2017] [mpm_winnt:notice] [pid 3956:tid 844] AH00456: Apache Lounge VC15 Server built: Jul  7 2017 12:46:00
[Fri Aug 25 11:40:12.024956 2017] [core:notice] [pid 3956:tid 844] AH00094: Command line: 'C:\\Program Files\\Apache Software Foundation\\Apache 2.4\\bin\\httpd.exe -d C:/Program Files/Apache Software Foundation/Apache 2.4'
[Fri Aug 25 11:40:12.040582 2017] [mpm_winnt:notice] [pid 3956:tid 844] AH00418: Parent: Created child process 7700
AH00558: httpd.exe: Could not reliably determine the server's fully qualified domain name, using fe80::55dc:99ce:d2:f067. Set the 'ServerName' directive globally to suppress this message
AH00558: httpd.exe: Could not reliably determine the server's fully qualified domain name, using fe80::55dc:99ce:d2:f067. Set the 'ServerName' directive globally to suppress this message
[Fri Aug 25 11:40:12.472688 2017] [mpm_winnt:notice] [pid 7700:tid 712] AH00354: Child: Starting 64 worker threads.
[Thu Aug 31 10:57:49.307197 2017] [mpm_winnt:notice] [pid 3956:tid 844] AH00422: Parent: Received shutdown signal -- Shutting down the server.
[Thu Aug 31 10:57:51.367008 2017] [mpm_winnt:notice] [pid 7700:tid 712] AH00364: Child: All worker threads have exited.
[Thu Aug 31 10:57:51.949379 2017] [mpm_winnt:notice] [pid 3956:tid 844] AH00430: Parent: Child process 7700 exited successfully.
AH00558: httpd.exe: Could not reliably determine the server's fully qualified domain name, using fe80::55dc:99ce:d2:f067. Set the 'ServerName' directive globally to suppress this message
[Thu Aug 31 10:59:56.683669 2017] [mpm_winnt:notice] [pid 27288:tid 712] AH00455: Apache/2.4.27 (Win64) configured -- resuming normal operations
[Thu Aug 31 10:59:56.683669 2017] [mpm_winnt:notice] [pid 27288:tid 712] AH00456: Apache Lounge VC15 Server built: Jul  7 2017 12:46:00
[Thu Aug 31 10:59:56.683669 2017] [core:notice] [pid 27288:tid 712] AH00094: Command line: 'C:\\Program Files\\Apache Software Foundation\\Apache 2.4\\bin\\httpd.exe -d C:/Program Files/Apache Software Foundation/Apache 2.4'
[Thu Aug 31 10:59:56.685676 2017] [mpm_winnt:notice] [pid 27288:tid 712] AH00418: Parent: Created child process 12348
AH00558: httpd.exe: Could not reliably determine the server's fully qualified domain name, using fe80::55dc:99ce:d2:f067. Set the 'ServerName' directive globally to suppress this message
AH00558: httpd.exe: Could not reliably determine the server's fully qualified domain name, using fe80::55dc:99ce:d2:f067. Set the 'ServerName' directive globally to suppress this message
[Thu Aug 31 10:59:57.749337 2017] [mpm_winnt:notice] [pid 12348:tid 672] AH00354: Child: Starting 64 worker threads.
[Thu Aug 31 11:01:51.216372 2017] [mpm_winnt:notice] [pid 27288:tid 712] AH00422: Parent: Received shutdown signal -- Shutting down the server.
[Thu Aug 31 11:01:53.217493 2017] [mpm_winnt:notice] [pid 12348:tid 672] AH00364: Child: All worker threads have exited.
[Thu Aug 31 11:01:53.234289 2017] [mpm_winnt:notice] [pid 27288:tid 712] AH00430: Parent: Child process 12348 exited successfully.
AH00558: httpd.exe: Could not reliably determine the server's fully qualified domain name, using fe80::55dc:99ce:d2:f067. Set the 'ServerName' directive globally to suppress this message
[Thu Aug 31 11:01:54.876543 2017] [mpm_winnt:notice] [pid 19448:tid 752] AH00455: Apache/2.4.27 (Win64) configured -- resuming normal operations
[Thu Aug 31 11:01:54.877044 2017] [mpm_winnt:notice] [pid 19448:tid 752] AH00456: Apache Lounge VC15 Server built: Jul  7 2017 12:46:00
[Thu Aug 31 11:01:54.877044 2017] [core:notice] [pid 19448:tid 752] AH00094: Command line: 'C:\\Program Files\\Apache Software Foundation\\Apache 2.4\\bin\\httpd.exe -d C:/Program Files/Apache Software Foundation/Apache 2.4'
[Thu Aug 31 11:01:54.878548 2017] [mpm_winnt:notice] [pid 19448:tid 752] AH00418: Parent: Created child process 10368
AH00558: httpd.exe: Could not reliably determine the server's fully qualified domain name, using fe80::55dc:99ce:d2:f067. Set the 'ServerName' directive globally to suppress this message
AH00558: httpd.exe: Could not reliably determine the server's fully qualified domain name, using fe80::55dc:99ce:d2:f067. Set the 'ServerName' directive globally to suppress this message
[Thu Aug 31 11:01:56.291570 2017] [mpm_winnt:notice] [pid 10368:tid 676] AH00354: Child: Starting 64 worker threads.
[Thu Aug 31 12:35:55.167787 2017] [mpm_winnt:notice] [pid 19448:tid 752] AH00422: Parent: Received shutdown signal -- Shutting down the server.
[Thu Aug 31 12:35:57.170031 2017] [mpm_winnt:notice] [pid 10368:tid 676] AH00364: Child: All worker threads have exited.
[Thu Aug 31 12:35:57.188436 2017] [mpm_winnt:notice] [pid 19448:tid 752] AH00430: Parent: Child process 10368 exited successfully.
AH00558: httpd.exe: Could not reliably determine the server's fully qualified domain name, using fe80::55dc:99ce:d2:f067. Set the 'ServerName' directive globally to suppress this message
[Thu Aug 31 12:39:55.484235 2017] [mpm_winnt:notice] [pid 33496:tid 780] AH00455: Apache/2.4.27 (Win64) configured -- resuming normal operations
[Thu Aug 31 12:39:55.485247 2017] [mpm_winnt:notice] [pid 33496:tid 780] AH00456: Apache Lounge VC15 Server built: Jul  7 2017 12:46:00
[Thu Aug 31 12:39:55.485247 2017] [core:notice] [pid 33496:tid 780] AH00094: Command line: 'C:\\Program Files\\Apache Software Foundation\\Apache 2.4\\bin\\httpd.exe -d C:/Program Files/Apache Software Foundation/Apache 2.4'
[Thu Aug 31 12:39:55.487779 2017] [mpm_winnt:notice] [pid 33496:tid 780] AH00418: Parent: Created child process 2932
AH00558: httpd.exe: Could not reliably determine the server's fully qualified domain name, using fe80::55dc:99ce:d2:f067. Set the 'ServerName' directive globally to suppress this message
AH00558: httpd.exe: Could not reliably determine the server's fully qualified domain name, using fe80::55dc:99ce:d2:f067. Set the 'ServerName' directive globally to suppress this message
[Thu Aug 31 12:39:56.500043 2017] [mpm_winnt:notice] [pid 2932:tid 660] AH00354: Child: Starting 64 worker threads.
[Thu Aug 31 12:55:39.768274 2017] [mpm_winnt:notice] [pid 33496:tid 780] AH00422: Parent: Received shutdown signal -- Shutting down the server.
[Thu Aug 31 12:55:41.769244 2017] [mpm_winnt:notice] [pid 2932:tid 660] AH00364: Child: All worker threads have exited.
[Thu Aug 31 12:55:41.784654 2017] [mpm_winnt:notice] [pid 33496:tid 780] AH00430: Parent: Child process 2932 exited successfully.
AH00558: httpd.exe: Could not reliably determine the server's fully qualified domain name, using fe80::55dc:99ce:d2:f067. Set the 'ServerName' directive globally to suppress this message
[Thu Aug 31 12:55:46.153599 2017] [mpm_winnt:notice] [pid 18636:tid 752] AH00455: Apache/2.4.27 (Win64) configured -- resuming normal operations
[Thu Aug 31 12:55:46.154101 2017] [mpm_winnt:notice] [pid 18636:tid 752] AH00456: Apache Lounge VC15 Server built: Jul  7 2017 12:46:00
[Thu Aug 31 12:55:46.154101 2017] [core:notice] [pid 18636:tid 752] AH00094: Command line: 'C:\\Program Files\\Apache Software Foundation\\Apache 2.4\\bin\\httpd.exe -d C:/Program Files/Apache Software Foundation/Apache 2.4'
[Thu Aug 31 12:55:46.155603 2017] [mpm_winnt:notice] [pid 18636:tid 752] AH00418: Parent: Created child process 32008
AH00558: httpd.exe: Could not reliably determine the server's fully qualified domain name, using fe80::55dc:99ce:d2:f067. Set the 'ServerName' directive globally to suppress this message
AH00558: httpd.exe: Could not reliably determine the server's fully qualified domain name, using fe80::55dc:99ce:d2:f067. Set the 'ServerName' directive globally to suppress this message
[Thu Aug 31 12:55:47.171152 2017] [mpm_winnt:notice] [pid 32008:tid 672] AH00354: Child: Starting 64 worker threads.
[Thu Aug 31 14:43:45.869076 2017] [mpm_winnt:notice] [pid 18636:tid 752] AH00422: Parent: Received shutdown signal -- Shutting down the server.
[Thu Aug 31 14:43:47.870612 2017] [mpm_winnt:notice] [pid 32008:tid 672] AH00364: Child: All worker threads have exited.
[Thu Aug 31 14:43:47.888782 2017] [mpm_winnt:notice] [pid 18636:tid 752] AH00430: Parent: Child process 32008 exited successfully.
AH00558: httpd.exe: Could not reliably determine the server's fully qualified domain name, using fe80::55dc:99ce:d2:f067. Set the 'ServerName' directive globally to suppress this message
[Thu Aug 31 16:51:19.889317 2017] [mpm_winnt:notice] [pid 25340:tid 748] AH00455: Apache/2.4.27 (Win64) configured -- resuming normal operations
[Thu Aug 31 16:51:19.890822 2017] [mpm_winnt:notice] [pid 25340:tid 748] AH00456: Apache Lounge VC15 Server built: Jul  7 2017 12:46:00
[Thu Aug 31 16:51:19.890822 2017] [core:notice] [pid 25340:tid 748] AH00094: Command line: 'C:\\Program Files\\Apache Software Foundation\\Apache 2.4\\bin\\httpd.exe -d C:/Program Files/Apache Software Foundation/Apache 2.4'
[Thu Aug 31 16:51:19.892827 2017] [mpm_winnt:notice] [pid 25340:tid 748] AH00418: Parent: Created child process 17672
AH00558: httpd.exe: Could not reliably determine the server's fully qualified domain name, using fe80::55dc:99ce:d2:f067. Set the 'ServerName' directive globally to suppress this message
AH00558: httpd.exe: Could not reliably determine the server's fully qualified domain name, using fe80::55dc:99ce:d2:f067. Set the 'ServerName' directive globally to suppress this message
[Thu Aug 31 16:51:20.898877 2017] [mpm_winnt:notice] [pid 17672:tid 652] AH00354: Child: Starting 64 worker threads.
[Thu Aug 31 16:52:32.914288 2017] [mpm_winnt:notice] [pid 25340:tid 748] AH00422: Parent: Received shutdown signal -- Shutting down the server.
[Thu Aug 31 16:52:47.854936 2017] [mpm_winnt:notice] [pid 17672:tid 652] AH00364: Child: All worker threads have exited.
[Thu Aug 31 16:52:47.869902 2017] [mpm_winnt:notice] [pid 25340:tid 748] AH00430: Parent: Child process 17672 exited successfully.
AH00558: httpd.exe: Could not reliably determine the server's fully qualified domain name, using fe80::55dc:99ce:d2:f067. Set the 'ServerName' directive globally to suppress this message
[Thu Aug 31 16:52:49.359860 2017] [mpm_winnt:notice] [pid 33004:tid 736] AH00455: Apache/2.4.27 (Win64) configured -- resuming normal operations
[Thu Aug 31 16:52:49.360862 2017] [mpm_winnt:notice] [pid 33004:tid 736] AH00456: Apache Lounge VC15 Server built: Jul  7 2017 12:46:00
[Thu Aug 31 16:52:49.360862 2017] [core:notice] [pid 33004:tid 736] AH00094: Command line: 'C:\\Program Files\\Apache Software Foundation\\Apache 2.4\\bin\\httpd.exe -d C:/Program Files/Apache Software Foundation/Apache 2.4'
[Thu Aug 31 16:52:49.362868 2017] [mpm_winnt:notice] [pid 33004:tid 736] AH00418: Parent: Created child process 34004
AH00558: httpd.exe: Could not reliably determine the server's fully qualified domain name, using fe80::55dc:99ce:d2:f067. Set the 'ServerName' directive globally to suppress this message
AH00558: httpd.exe: Could not reliably determine the server's fully qualified domain name, using fe80::55dc:99ce:d2:f067. Set the 'ServerName' directive globally to suppress this message
[Thu Aug 31 16:52:50.389911 2017] [mpm_winnt:notice] [pid 34004:tid 516] AH00354: Child: Starting 64 worker threads.
